{"/Users/shaswat/Documents/task/vendor/frontend/src/components/layout/AppShell.scss": {"path":"/Users/shaswat/Documents/task/vendor/frontend/src/components/layout/AppShell.scss","statementMap":{},"fnMap":{},"branchMap":{},"s":{},"f":{},"b":{},"meta":{"lastBranch":0,"lastFunction":0,"lastStatement":0,"seen":{},"fnNames":{}}}
,"/Users/shaswat/Documents/task/vendor/frontend/src/components/layout/AppShell.tsx": {"path":"/Users/shaswat/Documents/task/vendor/frontend/src/components/layout/AppShell.tsx","statementMap":{"0":{"start":{"line":7,"column":13},"end":{"line":19,"column":null}},"1":{"start":{"line":21,"column":51},"end":{"line":31,"column":null}},"2":{"start":{"line":33,"column":47},"end":{"line":39,"column":null}},"3":{"start":{"line":42,"column":12},"end":{"line":42,"column":null}},"4":{"start":{"line":43,"column":2},"end":{"line":43,"column":null}},"5":{"start":{"line":43,"column":30},"end":{"line":43,"column":null}},"6":{"start":{"line":44,"column":2},"end":{"line":44,"column":null}},"7":{"start":{"line":44,"column":30},"end":{"line":44,"column":null}},"8":{"start":{"line":45,"column":2},"end":{"line":45,"column":null}},"9":{"start":{"line":45,"column":30},"end":{"line":45,"column":null}},"10":{"start":{"line":46,"column":2},"end":{"line":46,"column":null}},"11":{"start":{"line":46,"column":30},"end":{"line":46,"column":null}},"12":{"start":{"line":47,"column":2},"end":{"line":47,"column":null}},"13":{"start":{"line":51,"column":15},"end":{"line":51,"column":null}},"14":{"start":{"line":52,"column":15},"end":{"line":52,"column":null}},"15":{"start":{"line":53,"column":2},"end":{"line":53,"column":null}},"16":{"start":{"line":53,"column":19},"end":{"line":53,"column":null}},"17":{"start":{"line":54,"column":2},"end":{"line":54,"column":null}},"18":{"start":{"line":54,"column":19},"end":{"line":54,"column":null}},"19":{"start":{"line":55,"column":2},"end":{"line":55,"column":null}},"20":{"start":{"line":55,"column":19},"end":{"line":55,"column":null}},"21":{"start":{"line":56,"column":2},"end":{"line":56,"column":null}},"22":{"start":{"line":69,"column":8},"end":{"line":69,"column":null}},"23":{"start":{"line":69,"column":44},"end":{"line":69,"column":50}},"24":{"start":{"line":70,"column":8},"end":{"line":70,"column":null}},"25":{"start":{"line":70,"column":44},"end":{"line":70,"column":52}},"26":{"start":{"line":71,"column":8},"end":{"line":71,"column":null}},"27":{"start":{"line":71,"column":52},"end":{"line":71,"column":67}},"28":{"start":{"line":72,"column":8},"end":{"line":72,"column":null}},"29":{"start":{"line":72,"column":52},"end":{"line":72,"column":65}},"30":{"start":{"line":73,"column":8},"end":{"line":73,"column":null}},"31":{"start":{"line":74,"column":22},"end":{"line":74,"column":null}},"32":{"start":{"line":75,"column":8},"end":{"line":75,"column":null}},"33":{"start":{"line":77,"column":21},"end":{"line":77,"column":null}},"34":{"start":{"line":78,"column":21},"end":{"line":78,"column":null}},"35":{"start":{"line":79,"column":8},"end":{"line":79,"column":null}},"36":{"start":{"line":80,"column":8},"end":{"line":80,"column":null}},"37":{"start":{"line":82,"column":8},"end":{"line":82,"column":null}},"38":{"start":{"line":82,"column":31},"end":{"line":82,"column":89}},"39":{"start":{"line":82,"column":55},"end":{"line":82,"column":89}},"40":{"start":{"line":82,"column":89},"end":{"line":82,"column":110}},"41":{"start":{"line":83,"column":8},"end":{"line":83,"column":null}},"42":{"start":{"line":83,"column":31},"end":{"line":83,"column":97}},"43":{"start":{"line":83,"column":69},"end":{"line":83,"column":91}},"44":{"start":{"line":84,"column":8},"end":{"line":84,"column":null}},"45":{"start":{"line":84,"column":31},"end":{"line":84,"column":89}},"46":{"start":{"line":84,"column":55},"end":{"line":84,"column":89}},"47":{"start":{"line":84,"column":89},"end":{"line":84,"column":110}},"48":{"start":{"line":85,"column":8},"end":{"line":85,"column":null}},"49":{"start":{"line":85,"column":31},"end":{"line":85,"column":97}},"50":{"start":{"line":85,"column":69},"end":{"line":85,"column":91}},"51":{"start":{"line":87,"column":19},"end":{"line":87,"column":null}},"52":{"start":{"line":87,"column":47},"end":{"line":87,"column":54}},"53":{"start":{"line":88,"column":19},"end":{"line":88,"column":null}},"54":{"start":{"line":88,"column":53},"end":{"line":88,"column":57}},"55":{"start":{"line":89,"column":8},"end":{"line":89,"column":null}},"56":{"start":{"line":89,"column":31},"end":{"line":89,"column":41}},"57":{"start":{"line":89,"column":41},"end":{"line":89,"column":61}},"58":{"start":{"line":91,"column":2},"end":{"line":268,"column":null}},"59":{"start":{"line":106,"column":12},"end":{"line":112,"column":null}},"60":{"start":{"line":108,"column":29},"end":{"line":108,"column":null}},"61":{"start":{"line":119,"column":35},"end":{"line":119,"column":50}},"62":{"start":{"line":126,"column":29},"end":{"line":126,"column":null}},"63":{"start":{"line":126,"column":51},"end":{"line":126,"column":53}},"64":{"start":{"line":162,"column":27},"end":{"line":162,"column":null}},"65":{"start":{"line":163,"column":12},"end":{"line":172,"column":null}},"66":{"start":{"line":166,"column":31},"end":{"line":166,"column":null}},"67":{"start":{"line":221,"column":18},"end":{"line":230,"column":null}},"68":{"start":{"line":242,"column":18},"end":{"line":250,"column":null}},"69":{"start":{"line":258,"column":20},"end":{"line":260,"column":null}}},"fnMap":{"0":{"name":"getActivityColor","decl":{"start":{"line":41,"column":9},"end":{"line":41,"column":26}},"loc":{"start":{"line":41,"column":41},"end":{"line":48,"column":null}},"line":41},"1":{"name":"timeAgo","decl":{"start":{"line":50,"column":9},"end":{"line":50,"column":17}},"loc":{"start":{"line":50,"column":34},"end":{"line":57,"column":null}},"line":50},"2":{"name":"AppShell","decl":{"start":{"line":68,"column":24},"end":{"line":68,"column":33}},"loc":{"start":{"line":68,"column":86},"end":{"line":270,"column":null}},"line":68},"3":{"name":"(anonymous_3)","decl":{"start":{"line":69,"column":24},"end":{"line":69,"column":38}},"loc":{"start":{"line":69,"column":44},"end":{"line":69,"column":50}},"line":69},"4":{"name":"(anonymous_4)","decl":{"start":{"line":70,"column":24},"end":{"line":70,"column":38}},"loc":{"start":{"line":70,"column":44},"end":{"line":70,"column":52}},"line":70},"5":{"name":"(anonymous_5)","decl":{"start":{"line":71,"column":24},"end":{"line":71,"column":46}},"loc":{"start":{"line":71,"column":52},"end":{"line":71,"column":67}},"line":71},"6":{"name":"(anonymous_6)","decl":{"start":{"line":72,"column":24},"end":{"line":72,"column":46}},"loc":{"start":{"line":72,"column":52},"end":{"line":72,"column":65}},"line":72},"7":{"name":"(anonymous_7)","decl":{"start":{"line":82,"column":8},"end":{"line":82,"column":29}},"loc":{"start":{"line":82,"column":29},"end":{"line":82,"column":null}},"line":82},"8":{"name":"(anonymous_8)","decl":{"start":{"line":83,"column":8},"end":{"line":83,"column":29}},"loc":{"start":{"line":83,"column":29},"end":{"line":83,"column":null}},"line":83},"9":{"name":"(anonymous_9)","decl":{"start":{"line":83,"column":52},"end":{"line":83,"column":69}},"loc":{"start":{"line":83,"column":69},"end":{"line":83,"column":91}},"line":83},"10":{"name":"(anonymous_10)","decl":{"start":{"line":84,"column":8},"end":{"line":84,"column":29}},"loc":{"start":{"line":84,"column":29},"end":{"line":84,"column":null}},"line":84},"11":{"name":"(anonymous_11)","decl":{"start":{"line":85,"column":8},"end":{"line":85,"column":29}},"loc":{"start":{"line":85,"column":29},"end":{"line":85,"column":null}},"line":85},"12":{"name":"(anonymous_12)","decl":{"start":{"line":85,"column":52},"end":{"line":85,"column":69}},"loc":{"start":{"line":85,"column":69},"end":{"line":85,"column":91}},"line":85},"13":{"name":"(anonymous_13)","decl":{"start":{"line":87,"column":33},"end":{"line":87,"column":41}},"loc":{"start":{"line":87,"column":47},"end":{"line":87,"column":54}},"line":87},"14":{"name":"(anonymous_14)","decl":{"start":{"line":88,"column":42},"end":{"line":88,"column":47}},"loc":{"start":{"line":88,"column":53},"end":{"line":88,"column":57}},"line":88},"15":{"name":"(anonymous_15)","decl":{"start":{"line":89,"column":8},"end":{"line":89,"column":29}},"loc":{"start":{"line":89,"column":29},"end":{"line":89,"column":null}},"line":89},"16":{"name":"(anonymous_16)","decl":{"start":{"line":105,"column":16},"end":{"line":105,"column":21}},"loc":{"start":{"line":106,"column":12},"end":{"line":112,"column":null}},"line":106},"17":{"name":"(anonymous_17)","decl":{"start":{"line":108,"column":14},"end":{"line":108,"column":29}},"loc":{"start":{"line":108,"column":29},"end":{"line":108,"column":null}},"line":108},"18":{"name":"(anonymous_18)","decl":{"start":{"line":119,"column":20},"end":{"line":119,"column":35}},"loc":{"start":{"line":119,"column":35},"end":{"line":119,"column":50}},"line":119},"19":{"name":"(anonymous_19)","decl":{"start":{"line":126,"column":14},"end":{"line":126,"column":29}},"loc":{"start":{"line":126,"column":29},"end":{"line":126,"column":null}},"line":126},"20":{"name":"(anonymous_20)","decl":{"start":{"line":126,"column":29},"end":{"line":126,"column":45}},"loc":{"start":{"line":126,"column":51},"end":{"line":126,"column":53}},"line":126},"21":{"name":"(anonymous_21)","decl":{"start":{"line":161,"column":16},"end":{"line":161,"column":21}},"loc":{"start":{"line":161,"column":27},"end":{"line":174,"column":11}},"line":161},"22":{"name":"(anonymous_22)","decl":{"start":{"line":166,"column":16},"end":{"line":166,"column":31}},"loc":{"start":{"line":166,"column":31},"end":{"line":166,"column":null}},"line":166},"23":{"name":"(anonymous_23)","decl":{"start":{"line":220,"column":44},"end":{"line":220,"column":49}},"loc":{"start":{"line":221,"column":18},"end":{"line":230,"column":null}},"line":221},"24":{"name":"(anonymous_24)","decl":{"start":{"line":241,"column":18},"end":{"line":241,"column":23}},"loc":{"start":{"line":242,"column":18},"end":{"line":250,"column":null}},"line":242},"25":{"name":"(anonymous_25)","decl":{"start":{"line":257,"column":153},"end":{"line":257,"column":158}},"loc":{"start":{"line":258,"column":20},"end":{"line":260,"column":null}},"line":258}},"branchMap":{"0":{"loc":{"start":{"line":43,"column":2},"end":{"line":43,"column":null}},"type":"if","locations":[{"start":{"line":43,"column":2},"end":{"line":43,"column":null}},{"start":{},"end":{}}],"line":43},"1":{"loc":{"start":{"line":44,"column":2},"end":{"line":44,"column":null}},"type":"if","locations":[{"start":{"line":44,"column":2},"end":{"line":44,"column":null}},{"start":{},"end":{}}],"line":44},"2":{"loc":{"start":{"line":45,"column":2},"end":{"line":45,"column":null}},"type":"if","locations":[{"start":{"line":45,"column":2},"end":{"line":45,"column":null}},{"start":{},"end":{}}],"line":45},"3":{"loc":{"start":{"line":46,"column":2},"end":{"line":46,"column":null}},"type":"if","locations":[{"start":{"line":46,"column":2},"end":{"line":46,"column":null}},{"start":{},"end":{}}],"line":46},"4":{"loc":{"start":{"line":53,"column":2},"end":{"line":53,"column":null}},"type":"if","locations":[{"start":{"line":53,"column":2},"end":{"line":53,"column":null}},{"start":{},"end":{}}],"line":53},"5":{"loc":{"start":{"line":54,"column":2},"end":{"line":54,"column":null}},"type":"if","locations":[{"start":{"line":54,"column":2},"end":{"line":54,"column":null}},{"start":{},"end":{}}],"line":54},"6":{"loc":{"start":{"line":55,"column":2},"end":{"line":55,"column":null}},"type":"if","locations":[{"start":{"line":55,"column":2},"end":{"line":55,"column":null}},{"start":{},"end":{}}],"line":55},"7":{"loc":{"start":{"line":82,"column":31},"end":{"line":82,"column":89}},"type":"if","locations":[{"start":{"line":82,"column":31},"end":{"line":82,"column":89}},{"start":{},"end":{}}],"line":82},"8":{"loc":{"start":{"line":84,"column":31},"end":{"line":84,"column":89}},"type":"if","locations":[{"start":{"line":84,"column":31},"end":{"line":84,"column":89}},{"start":{},"end":{}}],"line":84},"9":{"loc":{"start":{"line":88,"column":19},"end":{"line":88,"column":null}},"type":"binary-expr","locations":[{"start":{"line":88,"column":19},"end":{"line":88,"column":97}},{"start":{"line":88,"column":97},"end":{"line":88,"column":null}}],"line":88},"10":{"loc":{"start":{"line":109,"column":36},"end":{"line":109,"column":null}},"type":"cond-expr","locations":[{"start":{"line":109,"column":58},"end":{"line":109,"column":72}},{"start":{"line":109,"column":72},"end":{"line":109,"column":null}}],"line":109},"11":{"loc":{"start":{"line":122,"column":13},"end":{"line":123,"column":null}},"type":"binary-expr","locations":[{"start":{"line":122,"column":13},"end":{"line":122,"column":27}},{"start":{"line":122,"column":27},"end":{"line":123,"column":null}}],"line":122},"12":{"loc":{"start":{"line":132,"column":13},"end":{"line":144,"column":null}},"type":"binary-expr","locations":[{"start":{"line":132,"column":13},"end":{"line":132,"column":null}},{"start":{"line":133,"column":14},"end":{"line":144,"column":null}}],"line":132},"13":{"loc":{"start":{"line":136,"column":17},"end":{"line":136,"column":null}},"type":"binary-expr","locations":[{"start":{"line":136,"column":17},"end":{"line":136,"column":37}},{"start":{"line":136,"column":37},"end":{"line":136,"column":null}}],"line":136},"14":{"loc":{"start":{"line":155,"column":32},"end":{"line":155,"column":null}},"type":"cond-expr","locations":[{"start":{"line":155,"column":44},"end":{"line":155,"column":60}},{"start":{"line":155,"column":60},"end":{"line":155,"column":null}}],"line":155},"15":{"loc":{"start":{"line":157,"column":11},"end":{"line":158,"column":null}},"type":"binary-expr","locations":[{"start":{"line":157,"column":11},"end":{"line":157,"column":null}},{"start":{"line":158,"column":12},"end":{"line":158,"column":null}}],"line":157},"16":{"loc":{"start":{"line":167,"column":23},"end":{"line":167,"column":null}},"type":"cond-expr","locations":[{"start":{"line":167,"column":36},"end":{"line":167,"column":46}},{"start":{"line":167,"column":46},"end":{"line":167,"column":null}}],"line":167},"17":{"loc":{"start":{"line":168,"column":42},"end":{"line":168,"column":68}},"type":"cond-expr","locations":[{"start":{"line":168,"column":51},"end":{"line":168,"column":65}},{"start":{"line":168,"column":65},"end":{"line":168,"column":68}}],"line":168},"18":{"loc":{"start":{"line":168,"column":71},"end":{"line":168,"column":null}},"type":"cond-expr","locations":[{"start":{"line":168,"column":83},"end":{"line":168,"column":108}},{"start":{"line":168,"column":108},"end":{"line":168,"column":null}}],"line":168},"19":{"loc":{"start":{"line":170,"column":44},"end":{"line":170,"column":82}},"type":"binary-expr","locations":[{"start":{"line":170,"column":44},"end":{"line":170,"column":64}},{"start":{"line":170,"column":64},"end":{"line":170,"column":82}}],"line":170},"20":{"loc":{"start":{"line":171,"column":17},"end":{"line":172,"column":null}},"type":"binary-expr","locations":[{"start":{"line":171,"column":17},"end":{"line":171,"column":30}},{"start":{"line":171,"column":30},"end":{"line":172,"column":null}}],"line":171},"21":{"loc":{"start":{"line":181,"column":19},"end":{"line":181,"column":null}},"type":"cond-expr","locations":[{"start":{"line":181,"column":32},"end":{"line":181,"column":45}},{"start":{"line":181,"column":45},"end":{"line":181,"column":null}}],"line":181},"22":{"loc":{"start":{"line":182,"column":48},"end":{"line":182,"column":null}},"type":"cond-expr","locations":[{"start":{"line":182,"column":60},"end":{"line":182,"column":85}},{"start":{"line":182,"column":85},"end":{"line":182,"column":null}}],"line":182},"23":{"loc":{"start":{"line":185,"column":13},"end":{"line":186,"column":null}},"type":"binary-expr","locations":[{"start":{"line":185,"column":13},"end":{"line":185,"column":26}},{"start":{"line":185,"column":26},"end":{"line":186,"column":null}}],"line":185},"24":{"loc":{"start":{"line":198,"column":36},"end":{"line":198,"column":null}},"type":"cond-expr","locations":[{"start":{"line":198,"column":49},"end":{"line":198,"column":65}},{"start":{"line":198,"column":65},"end":{"line":198,"column":null}}],"line":198},"25":{"loc":{"start":{"line":201,"column":11},"end":{"line":209,"column":null}},"type":"binary-expr","locations":[{"start":{"line":201,"column":11},"end":{"line":201,"column":null}},{"start":{"line":202,"column":12},"end":{"line":209,"column":null}}],"line":201},"26":{"loc":{"start":{"line":209,"column":11},"end":{"line":266,"column":null}},"type":"binary-expr","locations":[{"start":{"line":209,"column":11},"end":{"line":209,"column":null}},{"start":{"line":210,"column":12},"end":{"line":266,"column":null}}],"line":209},"27":{"loc":{"start":{"line":217,"column":17},"end":{"line":220,"column":31}},"type":"binary-expr","locations":[{"start":{"line":217,"column":17},"end":{"line":217,"column":null}},{"start":{"line":218,"column":18},"end":{"line":220,"column":31}}],"line":217},"28":{"loc":{"start":{"line":229,"column":21},"end":{"line":230,"column":null}},"type":"binary-expr","locations":[{"start":{"line":229,"column":21},"end":{"line":229,"column":53}},{"start":{"line":229,"column":53},"end":{"line":230,"column":null}}],"line":229},"29":{"loc":{"start":{"line":221,"column":28},"end":{"line":221,"column":39}},"type":"binary-expr","locations":[{"start":{"line":221,"column":28},"end":{"line":221,"column":36}},{"start":{"line":221,"column":36},"end":{"line":221,"column":39}}],"line":221}},"s":{"0":2,"1":2,"2":2,"3":0,"4":0,"5":0,"6":0,"7":0,"8":0,"9":0,"10":0,"11":0,"12":0,"13":0,"14":0,"15":0,"16":0,"17":0,"18":0,"19":0,"20":0,"21":0,"22":4,"23":14,"24":4,"25":14,"26":4,"27":14,"28":4,"29":14,"30":4,"31":4,"32":4,"33":4,"34":4,"35":4,"36":4,"37":4,"38":0,"39":0,"40":0,"41":4,"42":0,"43":0,"44":4,"45":0,"46":0,"47":0,"48":4,"49":0,"50":0,"51":4,"52":0,"53":4,"54":8,"55":4,"56":0,"57":0,"58":4,"59":17,"60":0,"61":0,"62":0,"63":0,"64":17,"65":17,"66":0,"67":0,"68":0,"69":0},"f":{"0":0,"1":0,"2":4,"3":14,"4":14,"5":14,"6":14,"7":0,"8":0,"9":0,"10":0,"11":0,"12":0,"13":0,"14":8,"15":0,"16":17,"17":0,"18":0,"19":0,"20":0,"21":17,"22":0,"23":0,"24":0,"25":0},"b":{"0":[0,0],"1":[0,0],"2":[0,0],"3":[0,0],"4":[0,0],"5":[0,0],"6":[0,0],"7":[0,0],"8":[0,0],"9":[4,0],"10":[4,13],"11":[4,0],"12":[4,0],"13":[0,0],"14":[0,4],"15":[4,0],"16":[17,0],"17":[4,13],"18":[0,17],"19":[17,0],"20":[17,0],"21":[4,0],"22":[0,4],"23":[4,0],"24":[0,4],"25":[4,4],"26":[4,0],"27":[0,0],"28":[0,0],"29":[0,0]},"meta":{"lastBranch":30,"lastFunction":26,"lastStatement":70,"seen":{"s:7:13:19:Infinity":0,"s:21:51:31:Infinity":1,"s:33:47:39:Infinity":2,"f:41:9:41:26":0,"s:42:12:42:Infinity":3,"b:43:2:43:Infinity:undefined:undefined:undefined:undefined":0,"s:43:2:43:Infinity":4,"s:43:30:43:Infinity":5,"b:44:2:44:Infinity:undefined:undefined:undefined:undefined":1,"s:44:2:44:Infinity":6,"s:44:30:44:Infinity":7,"b:45:2:45:Infinity:undefined:undefined:undefined:undefined":2,"s:45:2:45:Infinity":8,"s:45:30:45:Infinity":9,"b:46:2:46:Infinity:undefined:undefined:undefined:undefined":3,"s:46:2:46:Infinity":10,"s:46:30:46:Infinity":11,"s:47:2:47:Infinity":12,"f:50:9:50:17":1,"s:51:15:51:Infinity":13,"s:52:15:52:Infinity":14,"b:53:2:53:Infinity:undefined:undefined:undefined:undefined":4,"s:53:2:53:Infinity":15,"s:53:19:53:Infinity":16,"b:54:2:54:Infinity:undefined:undefined:undefined:undefined":5,"s:54:2:54:Infinity":17,"s:54:19:54:Infinity":18,"b:55:2:55:Infinity:undefined:undefined:undefined:undefined":6,"s:55:2:55:Infinity":19,"s:55:19:55:Infinity":20,"s:56:2:56:Infinity":21,"f:68:24:68:33":2,"s:69:8:69:Infinity":22,"f:69:24:69:38":3,"s:69:44:69:50":23,"s:70:8:70:Infinity":24,"f:70:24:70:38":4,"s:70:44:70:52":25,"s:71:8:71:Infinity":26,"f:71:24:71:46":5,"s:71:52:71:67":27,"s:72:8:72:Infinity":28,"f:72:24:72:46":6,"s:72:52:72:65":29,"s:73:8:73:Infinity":30,"s:74:22:74:Infinity":31,"s:75:8:75:Infinity":32,"s:77:21:77:Infinity":33,"s:78:21:78:Infinity":34,"s:79:8:79:Infinity":35,"s:80:8:80:Infinity":36,"s:82:8:82:Infinity":37,"f:82:8:82:29":7,"b:82:31:82:89:undefined:undefined:undefined:undefined":7,"s:82:31:82:89":38,"s:82:55:82:89":39,"s:82:89:82:110":40,"s:83:8:83:Infinity":41,"f:83:8:83:29":8,"s:83:31:83:97":42,"f:83:52:83:69":9,"s:83:69:83:91":43,"s:84:8:84:Infinity":44,"f:84:8:84:29":10,"b:84:31:84:89:undefined:undefined:undefined:undefined":8,"s:84:31:84:89":45,"s:84:55:84:89":46,"s:84:89:84:110":47,"s:85:8:85:Infinity":48,"f:85:8:85:29":11,"s:85:31:85:97":49,"f:85:52:85:69":12,"s:85:69:85:91":50,"s:87:19:87:Infinity":51,"f:87:33:87:41":13,"s:87:47:87:54":52,"s:88:19:88:Infinity":53,"b:88:19:88:97:88:97:88:Infinity":9,"f:88:42:88:47":14,"s:88:53:88:57":54,"s:89:8:89:Infinity":55,"f:89:8:89:29":15,"s:89:31:89:41":56,"s:89:41:89:61":57,"s:91:2:268:Infinity":58,"f:105:16:105:21":16,"s:106:12:112:Infinity":59,"f:108:14:108:29":17,"s:108:29:108:Infinity":60,"b:109:58:109:72:109:72:109:Infinity":10,"f:119:20:119:35":18,"s:119:35:119:50":61,"b:122:13:122:27:122:27:123:Infinity":11,"f:126:14:126:29":19,"s:126:29:126:Infinity":62,"f:126:29:126:45":20,"s:126:51:126:53":63,"b:132:13:132:Infinity:133:14:144:Infinity":12,"b:136:17:136:37:136:37:136:Infinity":13,"b:155:44:155:60:155:60:155:Infinity":14,"b:157:11:157:Infinity:158:12:158:Infinity":15,"f:161:16:161:21":21,"s:162:27:162:Infinity":64,"s:163:12:172:Infinity":65,"f:166:16:166:31":22,"s:166:31:166:Infinity":66,"b:167:36:167:46:167:46:167:Infinity":16,"b:168:51:168:65:168:65:168:68":17,"b:168:83:168:108:168:108:168:Infinity":18,"b:170:44:170:64:170:64:170:82":19,"b:171:17:171:30:171:30:172:Infinity":20,"b:181:32:181:45:181:45:181:Infinity":21,"b:182:60:182:85:182:85:182:Infinity":22,"b:185:13:185:26:185:26:186:Infinity":23,"b:198:49:198:65:198:65:198:Infinity":24,"b:201:11:201:Infinity:202:12:209:Infinity":25,"b:209:11:209:Infinity:210:12:266:Infinity":26,"b:217:17:217:Infinity:218:18:220:31":27,"f:220:44:220:49":23,"s:221:18:230:Infinity":67,"b:229:21:229:53:229:53:230:Infinity":28,"b:221:28:221:36:221:36:221:39":29,"f:241:18:241:23":24,"s:242:18:250:Infinity":68,"f:257:153:257:158":25,"s:258:20:260:Infinity":69},"fnNames":{}}}
,"/Users/shaswat/Documents/task/vendor/frontend/src/components/ui/CustomBadge.tsx": {"path":"/Users/shaswat/Documents/task/vendor/frontend/src/components/ui/CustomBadge.tsx","statementMap":{"0":{"start":{"line":6,"column":59},"end":{"line":13,"column":null}},"1":{"start":{"line":23,"column":2},"end":{"line":39,"column":null}},"2":{"start":{"line":48,"column":2},"end":{"line":48,"column":null}},"3":{"start":{"line":57,"column":4},"end":{"line":63,"column":null}},"4":{"start":{"line":64,"column":2},"end":{"line":64,"column":null}}},"fnMap":{"0":{"name":"Badge","decl":{"start":{"line":22,"column":24},"end":{"line":22,"column":30}},"loc":{"start":{"line":22,"column":95},"end":{"line":41,"column":null}},"line":22},"1":{"name":"StatusBadge","decl":{"start":{"line":47,"column":16},"end":{"line":47,"column":28}},"loc":{"start":{"line":47,"column":58},"end":{"line":49,"column":null}},"line":47},"2":{"name":"PriorityBadge","decl":{"start":{"line":55,"column":16},"end":{"line":55,"column":30}},"loc":{"start":{"line":55,"column":64},"end":{"line":65,"column":null}},"line":55}},"branchMap":{"0":{"loc":{"start":{"line":22,"column":32},"end":{"line":22,"column":48}},"type":"default-arg","locations":[{"start":{"line":22,"column":39},"end":{"line":22,"column":48}}],"line":22},"1":{"loc":{"start":{"line":22,"column":58},"end":{"line":22,"column":74}},"type":"default-arg","locations":[{"start":{"line":22,"column":70},"end":{"line":22,"column":74}}],"line":22},"2":{"loc":{"start":{"line":48,"column":22},"end":{"line":48,"column":68}},"type":"binary-expr","locations":[{"start":{"line":48,"column":22},"end":{"line":48,"column":58}},{"start":{"line":48,"column":58},"end":{"line":48,"column":68}}],"line":48},"3":{"loc":{"start":{"line":48,"column":68},"end":{"line":48,"column":106}},"type":"binary-expr","locations":[{"start":{"line":48,"column":68},"end":{"line":48,"column":92}},{"start":{"line":48,"column":92},"end":{"line":48,"column":106}}],"line":48},"4":{"loc":{"start":{"line":57,"column":4},"end":{"line":63,"column":null}},"type":"cond-expr","locations":[{"start":{"line":58,"column":8},"end":{"line":58,"column":null}},{"start":{"line":59,"column":8},"end":{"line":63,"column":null}}],"line":57},"5":{"loc":{"start":{"line":59,"column":8},"end":{"line":63,"column":null}},"type":"cond-expr","locations":[{"start":{"line":60,"column":10},"end":{"line":60,"column":null}},{"start":{"line":61,"column":10},"end":{"line":63,"column":null}}],"line":59},"6":{"loc":{"start":{"line":61,"column":10},"end":{"line":63,"column":null}},"type":"cond-expr","locations":[{"start":{"line":62,"column":12},"end":{"line":62,"column":null}},{"start":{"line":63,"column":12},"end":{"line":63,"column":null}}],"line":61}},"s":{"0":2,"1":0,"2":0,"3":0,"4":0},"f":{"0":0,"1":0,"2":0},"b":{"0":[0],"1":[0],"2":[0,0],"3":[0,0],"4":[0,0],"5":[0,0],"6":[0,0]},"meta":{"lastBranch":7,"lastFunction":3,"lastStatement":5,"seen":{"s:6:59:13:Infinity":0,"f:22:24:22:30":0,"b:22:39:22:48":0,"b:22:70:22:74":1,"s:23:2:39:Infinity":1,"f:47:16:47:28":1,"s:48:2:48:Infinity":2,"b:48:22:48:58:48:58:48:68":2,"b:48:68:48:92:48:92:48:106":3,"f:55:16:55:30":2,"s:57:4:63:Infinity":3,"b:58:8:58:Infinity:59:8:63:Infinity":4,"b:60:10:60:Infinity:61:10:63:Infinity":5,"b:62:12:62:Infinity:63:12:63:Infinity":6,"s:64:2:64:Infinity":4},"fnNames":{}}}
,"/Users/shaswat/Documents/task/vendor/frontend/src/components/ui/CustomButton.tsx": {"path":"/Users/shaswat/Documents/task/vendor/frontend/src/components/ui/CustomButton.tsx","statementMap":{"0":{"start":{"line":9,"column":59},"end":{"line":40,"column":null}},"1":{"start":{"line":42,"column":56},"end":{"line":46,"column":null}},"2":{"start":{"line":56,"column":2},"end":{"line":77,"column":null}}},"fnMap":{"0":{"name":"Button","decl":{"start":{"line":48,"column":24},"end":{"line":48,"column":31}},"loc":{"start":{"line":55,"column":16},"end":{"line":79,"column":null}},"line":55}},"branchMap":{"0":{"loc":{"start":{"line":49,"column":2},"end":{"line":49,"column":null}},"type":"default-arg","locations":[{"start":{"line":49,"column":12},"end":{"line":49,"column":null}}],"line":49},"1":{"loc":{"start":{"line":50,"column":2},"end":{"line":50,"column":null}},"type":"default-arg","locations":[{"start":{"line":50,"column":9},"end":{"line":50,"column":null}}],"line":50},"2":{"loc":{"start":{"line":51,"column":2},"end":{"line":51,"column":null}},"type":"default-arg","locations":[{"start":{"line":51,"column":14},"end":{"line":51,"column":null}}],"line":51}},"s":{"0":2,"1":2,"2":0},"f":{"0":0},"b":{"0":[0],"1":[0],"2":[0]},"meta":{"lastBranch":3,"lastFunction":1,"lastStatement":3,"seen":{"s:9:59:40:Infinity":0,"s:42:56:46:Infinity":1,"f:48:24:48:31":0,"b:49:12:49:Infinity":0,"b:50:9:50:Infinity":1,"b:51:14:51:Infinity":2,"s:56:2:77:Infinity":2},"fnNames":{}}}
,"/Users/shaswat/Documents/task/vendor/frontend/src/components/ui/Field.tsx": {"path":"/Users/shaswat/Documents/task/vendor/frontend/src/components/ui/Field.tsx","statementMap":{"0":{"start":{"line":6,"column":13},"end":{"line":26,"column":null}},"1":{"start":{"line":7,"column":2},"end":{"line":26,"column":null}},"2":{"start":{"line":23,"column":21},"end":{"line":23,"column":null}},"3":{"start":{"line":24,"column":20},"end":{"line":24,"column":null}},"4":{"start":{"line":34,"column":13},"end":{"line":54,"column":null}},"5":{"start":{"line":35,"column":2},"end":{"line":54,"column":null}},"6":{"start":{"line":51,"column":21},"end":{"line":51,"column":null}},"7":{"start":{"line":52,"column":20},"end":{"line":52,"column":null}},"8":{"start":{"line":63,"column":13},"end":{"line":85,"column":null}},"9":{"start":{"line":64,"column":2},"end":{"line":85,"column":null}},"10":{"start":{"line":80,"column":21},"end":{"line":80,"column":null}},"11":{"start":{"line":81,"column":20},"end":{"line":81,"column":null}},"12":{"start":{"line":94,"column":13},"end":{"line":108,"column":null}},"13":{"start":{"line":95,"column":2},"end":{"line":108,"column":null}}},"fnMap":{"0":{"name":"(anonymous_0)","decl":{"start":{"line":6,"column":13},"end":{"line":6,"column":22}},"loc":{"start":{"line":7,"column":2},"end":{"line":26,"column":null}},"line":7},"1":{"name":"(anonymous_1)","decl":{"start":{"line":23,"column":4},"end":{"line":23,"column":14}},"loc":{"start":{"line":23,"column":21},"end":{"line":23,"column":null}},"line":23},"2":{"name":"(anonymous_2)","decl":{"start":{"line":24,"column":4},"end":{"line":24,"column":13}},"loc":{"start":{"line":24,"column":20},"end":{"line":24,"column":null}},"line":24},"3":{"name":"(anonymous_3)","decl":{"start":{"line":34,"column":13},"end":{"line":34,"column":25}},"loc":{"start":{"line":35,"column":2},"end":{"line":54,"column":null}},"line":35},"4":{"name":"(anonymous_4)","decl":{"start":{"line":51,"column":4},"end":{"line":51,"column":14}},"loc":{"start":{"line":51,"column":21},"end":{"line":51,"column":null}},"line":51},"5":{"name":"(anonymous_5)","decl":{"start":{"line":52,"column":4},"end":{"line":52,"column":13}},"loc":{"start":{"line":52,"column":20},"end":{"line":52,"column":null}},"line":52},"6":{"name":"(anonymous_6)","decl":{"start":{"line":63,"column":13},"end":{"line":63,"column":23}},"loc":{"start":{"line":64,"column":2},"end":{"line":85,"column":null}},"line":64},"7":{"name":"(anonymous_7)","decl":{"start":{"line":80,"column":4},"end":{"line":80,"column":14}},"loc":{"start":{"line":80,"column":21},"end":{"line":80,"column":null}},"line":80},"8":{"name":"(anonymous_8)","decl":{"start":{"line":81,"column":4},"end":{"line":81,"column":13}},"loc":{"start":{"line":81,"column":20},"end":{"line":81,"column":null}},"line":81},"9":{"name":"(anonymous_9)","decl":{"start":{"line":94,"column":13},"end":{"line":94,"column":22}},"loc":{"start":{"line":95,"column":2},"end":{"line":108,"column":null}},"line":95}},"branchMap":{"0":{"loc":{"start":{"line":6,"column":24},"end":{"line":6,"column":40}},"type":"default-arg","locations":[{"start":{"line":6,"column":36},"end":{"line":6,"column":40}}],"line":6},"1":{"loc":{"start":{"line":34,"column":27},"end":{"line":34,"column":43}},"type":"default-arg","locations":[{"start":{"line":34,"column":39},"end":{"line":34,"column":43}}],"line":34},"2":{"loc":{"start":{"line":63,"column":25},"end":{"line":63,"column":41}},"type":"default-arg","locations":[{"start":{"line":63,"column":37},"end":{"line":63,"column":41}}],"line":63},"3":{"loc":{"start":{"line":94,"column":34},"end":{"line":94,"column":50}},"type":"default-arg","locations":[{"start":{"line":94,"column":46},"end":{"line":94,"column":50}}],"line":94}},"s":{"0":2,"1":0,"2":0,"3":0,"4":2,"5":0,"6":0,"7":0,"8":2,"9":0,"10":0,"11":0,"12":2,"13":0},"f":{"0":0,"1":0,"2":0,"3":0,"4":0,"5":0,"6":0,"7":0,"8":0,"9":0},"b":{"0":[0],"1":[0],"2":[0],"3":[0]},"meta":{"lastBranch":4,"lastFunction":10,"lastStatement":14,"seen":{"s:6:13:26:Infinity":0,"f:6:13:6:22":0,"s:7:2:26:Infinity":1,"b:6:36:6:40":0,"f:23:4:23:14":1,"s:23:21:23:Infinity":2,"f:24:4:24:13":2,"s:24:20:24:Infinity":3,"s:34:13:54:Infinity":4,"f:34:13:34:25":3,"s:35:2:54:Infinity":5,"b:34:39:34:43":1,"f:51:4:51:14":4,"s:51:21:51:Infinity":6,"f:52:4:52:13":5,"s:52:20:52:Infinity":7,"s:63:13:85:Infinity":8,"f:63:13:63:23":6,"s:64:2:85:Infinity":9,"b:63:37:63:41":2,"f:80:4:80:14":7,"s:80:21:80:Infinity":10,"f:81:4:81:13":8,"s:81:20:81:Infinity":11,"s:94:13:108:Infinity":12,"f:94:13:94:22":9,"s:95:2:108:Infinity":13,"b:94:46:94:50":3},"fnNames":{}}}
,"/Users/shaswat/Documents/task/vendor/frontend/src/components/ui/Modal.tsx": {"path":"/Users/shaswat/Documents/task/vendor/frontend/src/components/ui/Modal.tsx","statementMap":{"0":{"start":{"line":12,"column":23},"end":{"line":12,"column":null}},"1":{"start":{"line":14,"column":2},"end":{"line":23,"column":null}},"2":{"start":{"line":15,"column":4},"end":{"line":15,"column":null}},"3":{"start":{"line":15,"column":15},"end":{"line":15,"column":null}},"4":{"start":{"line":16,"column":10},"end":{"line":16,"column":null}},"5":{"start":{"line":16,"column":40},"end":{"line":16,"column":null}},"6":{"start":{"line":17,"column":4},"end":{"line":17,"column":null}},"7":{"start":{"line":18,"column":4},"end":{"line":18,"column":null}},"8":{"start":{"line":19,"column":4},"end":{"line":22,"column":null}},"9":{"start":{"line":20,"column":6},"end":{"line":20,"column":null}},"10":{"start":{"line":21,"column":6},"end":{"line":21,"column":null}},"11":{"start":{"line":25,"column":2},"end":{"line":25,"column":null}},"12":{"start":{"line":25,"column":13},"end":{"line":25,"column":null}},"13":{"start":{"line":27,"column":21},"end":{"line":32,"column":null}},"14":{"start":{"line":34,"column":2},"end":{"line":138,"column":null}},"15":{"start":{"line":109,"column":32},"end":{"line":109,"column":null}},"16":{"start":{"line":110,"column":32},"end":{"line":110,"column":null}}},"fnMap":{"0":{"name":"Modal","decl":{"start":{"line":11,"column":24},"end":{"line":11,"column":30}},"loc":{"start":{"line":11,"column":91},"end":{"line":140,"column":null}},"line":11},"1":{"name":"(anonymous_1)","decl":{"start":{"line":14,"column":2},"end":{"line":14,"column":18}},"loc":{"start":{"line":14,"column":18},"end":{"line":23,"column":5}},"line":14},"2":{"name":"(anonymous_2)","decl":{"start":{"line":16,"column":10},"end":{"line":16,"column":19}},"loc":{"start":{"line":16,"column":40},"end":{"line":16,"column":null}},"line":16},"3":{"name":"(anonymous_3)","decl":{"start":{"line":19,"column":4},"end":{"line":19,"column":17}},"loc":{"start":{"line":19,"column":17},"end":{"line":22,"column":null}},"line":19},"4":{"name":"(anonymous_4)","decl":{"start":{"line":109,"column":12},"end":{"line":109,"column":32}},"loc":{"start":{"line":109,"column":32},"end":{"line":109,"column":null}},"line":109},"5":{"name":"(anonymous_5)","decl":{"start":{"line":110,"column":12},"end":{"line":110,"column":32}},"loc":{"start":{"line":110,"column":32},"end":{"line":110,"column":null}},"line":110}},"branchMap":{"0":{"loc":{"start":{"line":11,"column":64},"end":{"line":11,"column":91}},"type":"default-arg","locations":[{"start":{"line":11,"column":71},"end":{"line":11,"column":91}}],"line":11},"1":{"loc":{"start":{"line":15,"column":4},"end":{"line":15,"column":null}},"type":"if","locations":[{"start":{"line":15,"column":4},"end":{"line":15,"column":null}},{"start":{},"end":{}}],"line":15},"2":{"loc":{"start":{"line":16,"column":40},"end":{"line":16,"column":null}},"type":"binary-expr","locations":[{"start":{"line":16,"column":40},"end":{"line":16,"column":62}},{"start":{"line":16,"column":62},"end":{"line":16,"column":null}}],"line":16},"3":{"loc":{"start":{"line":25,"column":2},"end":{"line":25,"column":null}},"type":"if","locations":[{"start":{"line":25,"column":2},"end":{"line":25,"column":null}},{"start":{},"end":{}}],"line":25},"4":{"loc":{"start":{"line":114,"column":21},"end":{"line":114,"column":null}},"type":"cond-expr","locations":[{"start":{"line":114,"column":36},"end":{"line":114,"column":48}},{"start":{"line":114,"column":48},"end":{"line":114,"column":null}}],"line":114}},"s":{"0":3,"1":3,"2":3,"3":3,"4":0,"5":0,"6":0,"7":0,"8":0,"9":0,"10":0,"11":3,"12":3,"13":0,"14":0,"15":0,"16":0},"f":{"0":3,"1":3,"2":0,"3":0,"4":0,"5":0},"b":{"0":[3],"1":[3,0],"2":[0,0],"3":[3,0],"4":[0,0]},"meta":{"lastBranch":5,"lastFunction":6,"lastStatement":17,"seen":{"f:11:24:11:30":0,"b:11:71:11:91":0,"s:12:23:12:Infinity":0,"s:14:2:23:Infinity":1,"f:14:2:14:18":1,"b:15:4:15:Infinity:undefined:undefined:undefined:undefined":1,"s:15:4:15:Infinity":2,"s:15:15:15:Infinity":3,"s:16:10:16:Infinity":4,"f:16:10:16:19":2,"s:16:40:16:Infinity":5,"b:16:40:16:62:16:62:16:Infinity":2,"s:17:4:17:Infinity":6,"s:18:4:18:Infinity":7,"s:19:4:22:Infinity":8,"f:19:4:19:17":3,"s:20:6:20:Infinity":9,"s:21:6:21:Infinity":10,"b:25:2:25:Infinity:undefined:undefined:undefined:undefined":3,"s:25:2:25:Infinity":11,"s:25:13:25:Infinity":12,"s:27:21:32:Infinity":13,"s:34:2:138:Infinity":14,"f:109:12:109:32":4,"s:109:32:109:Infinity":15,"f:110:12:110:32":5,"s:110:32:110:Infinity":16,"b:114:36:114:48:114:48:114:Infinity":4},"fnNames":{}}}
,"/Users/shaswat/Documents/task/vendor/frontend/src/components/ui/StatCard.tsx": {"path":"/Users/shaswat/Documents/task/vendor/frontend/src/components/ui/StatCard.tsx","statementMap":{"0":{"start":{"line":8,"column":14},"end":{"line":15,"column":null}},"1":{"start":{"line":17,"column":43},"end":{"line":24,"column":null}},"2":{"start":{"line":27,"column":12},"end":{"line":27,"column":null}},"3":{"start":{"line":28,"column":2},"end":{"line":41,"column":null}}},"fnMap":{"0":{"name":"StatCard","decl":{"start":{"line":26,"column":24},"end":{"line":26,"column":33}},"loc":{"start":{"line":26,"column":90},"end":{"line":43,"column":null}},"line":26}},"branchMap":{"0":{"loc":{"start":{"line":26,"column":55},"end":{"line":26,"column":90}},"type":"default-arg","locations":[{"start":{"line":26,"column":62},"end":{"line":26,"column":90}}],"line":26},"1":{"loc":{"start":{"line":40,"column":55},"end":{"line":40,"column":91}},"type":"binary-expr","locations":[{"start":{"line":40,"column":55},"end":{"line":40,"column":63}},{"start":{"line":40,"column":63},"end":{"line":40,"column":83}},{"start":{"line":40,"column":83},"end":{"line":40,"column":91}}],"line":40}},"s":{"0":2,"1":2,"2":19,"3":19},"f":{"0":19},"b":{"0":[19],"1":[19,19,0]},"meta":{"lastBranch":2,"lastFunction":1,"lastStatement":4,"seen":{"s:8:14:15:Infinity":0,"s:17:43:24:Infinity":1,"f:26:24:26:33":0,"b:26:62:26:90":0,"s:27:12:27:Infinity":2,"s:28:2:41:Infinity":3,"b:40:55:40:63:40:63:40:83:40:83:40:91":1},"fnNames":{}}}
,"/Users/shaswat/Documents/task/vendor/frontend/src/constants/roles.ts": {"path":"/Users/shaswat/Documents/task/vendor/frontend/src/constants/roles.ts","statementMap":{"0":{"start":{"line":3,"column":21},"end":{"line":7,"column":null}},"1":{"start":{"line":9,"column":48},"end":{"line":13,"column":null}},"2":{"start":{"line":15,"column":47},"end":{"line":19,"column":null}}},"fnMap":{},"branchMap":{},"s":{"0":3,"1":3,"2":3},"f":{},"b":{},"meta":{"lastBranch":0,"lastFunction":0,"lastStatement":3,"seen":{"s:3:21:7:Infinity":0,"s:9:48:13:Infinity":1,"s:15:47:19:Infinity":2},"fnNames":{}}}
,"/Users/shaswat/Documents/task/vendor/frontend/src/constants/ticketStatus.ts": {"path":"/Users/shaswat/Documents/task/vendor/frontend/src/constants/ticketStatus.ts","statementMap":{"0":{"start":{"line":3,"column":22},"end":{"line":13,"column":null}},"1":{"start":{"line":15,"column":52},"end":{"line":25,"column":null}},"2":{"start":{"line":27,"column":51},"end":{"line":37,"column":null}},"3":{"start":{"line":39,"column":36},"end":{"line":39,"column":null}},"4":{"start":{"line":41,"column":38},"end":{"line":48,"column":null}}},"fnMap":{},"branchMap":{},"s":{"0":3,"1":3,"2":3,"3":3,"4":3},"f":{},"b":{},"meta":{"lastBranch":0,"lastFunction":0,"lastStatement":5,"seen":{"s:3:22:13:Infinity":0,"s:15:52:25:Infinity":1,"s:27:51:37:Infinity":2,"s:39:36:39:Infinity":3,"s:41:38:48:Infinity":4},"fnNames":{}}}
,"/Users/shaswat/Documents/task/vendor/frontend/src/data/categories.ts": {"path":"/Users/shaswat/Documents/task/vendor/frontend/src/data/categories.ts","statementMap":{"0":{"start":{"line":1,"column":26},"end":{"line":10,"column":null}},"1":{"start":{"line":12,"column":20},"end":{"line":12,"column":null}}},"fnMap":{},"branchMap":{},"s":{"0":2,"1":2},"f":{},"b":{},"meta":{"lastBranch":0,"lastFunction":0,"lastStatement":2,"seen":{"s:1:26:10:Infinity":0,"s:12:20:12:Infinity":1},"fnNames":{}}}
,"/Users/shaswat/Documents/task/vendor/frontend/src/data/mockTickets.ts": {"path":"/Users/shaswat/Documents/task/vendor/frontend/src/data/mockTickets.ts","statementMap":{"0":{"start":{"line":3,"column":12},"end":{"line":3,"column":null}},"1":{"start":{"line":4,"column":6},"end":{"line":4,"column":null}},"2":{"start":{"line":4,"column":36},"end":{"line":4,"column":null}},"3":{"start":{"line":6,"column":38},"end":{"line":199,"column":null}}},"fnMap":{"0":{"name":"(anonymous_0)","decl":{"start":{"line":4,"column":6},"end":{"line":4,"column":14}},"loc":{"start":{"line":4,"column":36},"end":{"line":4,"column":null}},"line":4}},"branchMap":{},"s":{"0":3,"1":3,"2":69,"3":3},"f":{"0":69},"b":{},"meta":{"lastBranch":0,"lastFunction":1,"lastStatement":4,"seen":{"s:3:12:3:Infinity":0,"s:4:6:4:Infinity":1,"f:4:6:4:14":0,"s:4:36:4:Infinity":2,"s:6:38:199:Infinity":3},"fnNames":{}}}
,"/Users/shaswat/Documents/task/vendor/frontend/src/data/mockUsers.ts": {"path":"/Users/shaswat/Documents/task/vendor/frontend/src/data/mockUsers.ts","statementMap":{"0":{"start":{"line":3,"column":34},"end":{"line":31,"column":null}}},"fnMap":{},"branchMap":{},"s":{"0":6},"f":{},"b":{},"meta":{"lastBranch":0,"lastFunction":0,"lastStatement":1,"seen":{"s:3:34:31:Infinity":0},"fnNames":{}}}
,"/Users/shaswat/Documents/task/vendor/frontend/src/features/admin/AdminScreen.scss": {"path":"/Users/shaswat/Documents/task/vendor/frontend/src/features/admin/AdminScreen.scss","statementMap":{},"fnMap":{},"branchMap":{},"s":{},"f":{},"b":{},"meta":{"lastBranch":0,"lastFunction":0,"lastStatement":0,"seen":{},"fnNames":{}}}
,"/Users/shaswat/Documents/task/vendor/frontend/src/features/admin/AdminScreen.tsx": {"path":"/Users/shaswat/Documents/task/vendor/frontend/src/features/admin/AdminScreen.tsx","statementMap":{"0":{"start":{"line":14,"column":10},"end":{"line":14,"column":null}},"1":{"start":{"line":15,"column":14},"end":{"line":15,"column":null}},"2":{"start":{"line":16,"column":17},"end":{"line":16,"column":null}},"3":{"start":{"line":18,"column":8},"end":{"line":29,"column":null}},"4":{"start":{"line":19,"column":4},"end":{"line":28,"column":null}},"5":{"start":{"line":20,"column":43},"end":{"line":20,"column":71}},"6":{"start":{"line":23,"column":10},"end":{"line":25,"column":null}},"7":{"start":{"line":27,"column":38},"end":{"line":27,"column":68}},"8":{"start":{"line":31,"column":16},"end":{"line":36,"column":null}},"9":{"start":{"line":34,"column":52},"end":{"line":34,"column":80}},"10":{"start":{"line":35,"column":34},"end":{"line":35,"column":55}},"11":{"start":{"line":38,"column":8},"end":{"line":56,"column":null}},"12":{"start":{"line":39,"column":22},"end":{"line":39,"column":null}},"13":{"start":{"line":40,"column":4},"end":{"line":40,"column":null}},"14":{"start":{"line":41,"column":25},"end":{"line":45,"column":null}},"15":{"start":{"line":43,"column":15},"end":{"line":43,"column":null}},"16":{"start":{"line":45,"column":24},"end":{"line":45,"column":54}},"17":{"start":{"line":47,"column":47},"end":{"line":47,"column":null}},"18":{"start":{"line":48,"column":4},"end":{"line":50,"column":null}},"19":{"start":{"line":49,"column":6},"end":{"line":49,"column":null}},"20":{"start":{"line":52,"column":17},"end":{"line":52,"column":null}},"21":{"start":{"line":52,"column":39},"end":{"line":52,"column":60}},"22":{"start":{"line":53,"column":19},"end":{"line":53,"column":null}},"23":{"start":{"line":53,"column":41},"end":{"line":53,"column":62}},"24":{"start":{"line":55,"column":4},"end":{"line":55,"column":null}},"25":{"start":{"line":58,"column":2},"end":{"line":177,"column":null}},"26":{"start":{"line":129,"column":28},"end":{"line":129,"column":null}},"27":{"start":{"line":130,"column":28},"end":{"line":130,"column":null}},"28":{"start":{"line":131,"column":16},"end":{"line":138,"column":null}},"29":{"start":{"line":161,"column":18},"end":{"line":168,"column":null}},"30":{"start":{"line":176,"column":64},"end":{"line":176,"column":82}},"31":{"start":{"line":187,"column":2},"end":{"line":191,"column":null}}},"fnMap":{"0":{"name":"AdminScreen","decl":{"start":{"line":13,"column":24},"end":{"line":13,"column":38}},"loc":{"start":{"line":13,"column":38},"end":{"line":179,"column":null}},"line":13},"1":{"name":"(anonymous_1)","decl":{"start":{"line":18,"column":17},"end":{"line":18,"column":31}},"loc":{"start":{"line":18,"column":31},"end":{"line":29,"column":5}},"line":18},"2":{"name":"(anonymous_2)","decl":{"start":{"line":20,"column":29},"end":{"line":20,"column":37}},"loc":{"start":{"line":20,"column":43},"end":{"line":20,"column":71}},"line":20},"3":{"name":"(anonymous_3)","decl":{"start":{"line":21,"column":26},"end":{"line":21,"column":null}},"loc":{"start":{"line":23,"column":10},"end":{"line":25,"column":null}},"line":23},"4":{"name":"(anonymous_4)","decl":{"start":{"line":27,"column":24},"end":{"line":27,"column":32}},"loc":{"start":{"line":27,"column":38},"end":{"line":27,"column":68}},"line":27},"5":{"name":"(anonymous_5)","decl":{"start":{"line":34,"column":35},"end":{"line":34,"column":43}},"loc":{"start":{"line":34,"column":52},"end":{"line":34,"column":80}},"line":34},"6":{"name":"(anonymous_6)","decl":{"start":{"line":35,"column":20},"end":{"line":35,"column":28}},"loc":{"start":{"line":35,"column":34},"end":{"line":35,"column":55}},"line":35},"7":{"name":"(anonymous_7)","decl":{"start":{"line":38,"column":18},"end":{"line":38,"column":32}},"loc":{"start":{"line":38,"column":32},"end":{"line":56,"column":5}},"line":38},"8":{"name":"(anonymous_8)","decl":{"start":{"line":42,"column":7},"end":{"line":42,"column":null}},"loc":{"start":{"line":43,"column":15},"end":{"line":43,"column":null}},"line":43},"9":{"name":"(anonymous_9)","decl":{"start":{"line":45,"column":7},"end":{"line":45,"column":15}},"loc":{"start":{"line":45,"column":24},"end":{"line":45,"column":54}},"line":45},"10":{"name":"(anonymous_10)","decl":{"start":{"line":48,"column":12},"end":{"line":48,"column":21}},"loc":{"start":{"line":48,"column":27},"end":{"line":50,"column":5}},"line":48},"11":{"name":"(anonymous_11)","decl":{"start":{"line":52,"column":25},"end":{"line":52,"column":33}},"loc":{"start":{"line":52,"column":39},"end":{"line":52,"column":60}},"line":52},"12":{"name":"(anonymous_12)","decl":{"start":{"line":53,"column":27},"end":{"line":53,"column":35}},"loc":{"start":{"line":53,"column":41},"end":{"line":53,"column":62}},"line":53},"13":{"name":"(anonymous_13)","decl":{"start":{"line":128,"column":50},"end":{"line":128,"column":55}},"loc":{"start":{"line":128,"column":72},"end":{"line":140,"column":15}},"line":128},"14":{"name":"(anonymous_14)","decl":{"start":{"line":160,"column":28},"end":{"line":160,"column":33}},"loc":{"start":{"line":161,"column":18},"end":{"line":168,"column":null}},"line":161},"15":{"name":"(anonymous_15)","decl":{"start":{"line":176,"column":49},"end":{"line":176,"column":64}},"loc":{"start":{"line":176,"column":64},"end":{"line":176,"column":82}},"line":176},"16":{"name":"Header","decl":{"start":{"line":186,"column":9},"end":{"line":186,"column":16}},"loc":{"start":{"line":186,"column":50},"end":{"line":193,"column":null}},"line":186}},"branchMap":{"0":{"loc":{"start":{"line":23,"column":10},"end":{"line":25,"column":null}},"type":"binary-expr","locations":[{"start":{"line":23,"column":10},"end":{"line":23,"column":null}},{"start":{"line":24,"column":10},"end":{"line":24,"column":null}},{"start":{"line":25,"column":10},"end":{"line":25,"column":null}}],"line":23},"1":{"loc":{"start":{"line":34,"column":57},"end":{"line":34,"column":80}},"type":"binary-expr","locations":[{"start":{"line":34,"column":57},"end":{"line":34,"column":76}},{"start":{"line":34,"column":76},"end":{"line":34,"column":80}}],"line":34},"2":{"loc":{"start":{"line":43,"column":15},"end":{"line":43,"column":null}},"type":"binary-expr","locations":[{"start":{"line":43,"column":15},"end":{"line":43,"column":40}},{"start":{"line":43,"column":40},"end":{"line":43,"column":53}},{"start":{"line":43,"column":53},"end":{"line":43,"column":null}}],"line":43},"3":{"loc":{"start":{"line":45,"column":29},"end":{"line":45,"column":54}},"type":"binary-expr","locations":[{"start":{"line":45,"column":29},"end":{"line":45,"column":50}},{"start":{"line":45,"column":50},"end":{"line":45,"column":54}}],"line":45},"4":{"loc":{"start":{"line":49,"column":32},"end":{"line":49,"column":63}},"type":"binary-expr","locations":[{"start":{"line":49,"column":32},"end":{"line":49,"column":58}},{"start":{"line":49,"column":58},"end":{"line":49,"column":63}}],"line":49},"5":{"loc":{"start":{"line":71,"column":7},"end":{"line":88,"column":null}},"type":"binary-expr","locations":[{"start":{"line":71,"column":7},"end":{"line":71,"column":null}},{"start":{"line":72,"column":8},"end":{"line":88,"column":null}}],"line":71},"6":{"loc":{"start":{"line":91,"column":7},"end":{"line":99,"column":null}},"type":"binary-expr","locations":[{"start":{"line":91,"column":7},"end":{"line":91,"column":null}},{"start":{"line":92,"column":8},"end":{"line":99,"column":null}}],"line":91},"7":{"loc":{"start":{"line":102,"column":7},"end":{"line":110,"column":null}},"type":"binary-expr","locations":[{"start":{"line":102,"column":7},"end":{"line":102,"column":null}},{"start":{"line":103,"column":8},"end":{"line":110,"column":null}}],"line":102},"8":{"loc":{"start":{"line":113,"column":7},"end":{"line":143,"column":null}},"type":"binary-expr","locations":[{"start":{"line":113,"column":7},"end":{"line":113,"column":null}},{"start":{"line":114,"column":8},"end":{"line":143,"column":null}}],"line":113},"9":{"loc":{"start":{"line":146,"column":7},"end":{"line":173,"column":null}},"type":"binary-expr","locations":[{"start":{"line":146,"column":7},"end":{"line":146,"column":null}},{"start":{"line":147,"column":8},"end":{"line":173,"column":null}}],"line":146},"10":{"loc":{"start":{"line":176,"column":7},"end":{"line":176,"column":null}},"type":"binary-expr","locations":[{"start":{"line":176,"column":7},"end":{"line":176,"column":17}},{"start":{"line":176,"column":17},"end":{"line":176,"column":null}}],"line":176},"11":{"loc":{"start":{"line":190,"column":7},"end":{"line":191,"column":null}},"type":"binary-expr","locations":[{"start":{"line":190,"column":7},"end":{"line":190,"column":19}},{"start":{"line":190,"column":19},"end":{"line":191,"column":null}}],"line":190}},"s":{"0":1,"1":1,"2":1,"3":1,"4":1,"5":8,"6":8,"7":8,"8":1,"9":1,"10":8,"11":1,"12":1,"13":1,"14":1,"15":8,"16":1,"17":1,"18":1,"19":8,"20":1,"21":8,"22":1,"23":8,"24":1,"25":1,"26":0,"27":0,"28":0,"29":0,"30":0,"31":1},"f":{"0":1,"1":1,"2":8,"3":8,"4":8,"5":1,"6":8,"7":1,"8":8,"9":1,"10":8,"11":8,"12":8,"13":0,"14":0,"15":0,"16":1},"b":{"0":[8,1,0],"1":[1,0],"2":[8,1,1],"3":[1,0],"4":[8,7],"5":[1,1],"6":[1,0],"7":[1,0],"8":[1,0],"9":[1,0],"10":[1,0],"11":[1,1]},"meta":{"lastBranch":12,"lastFunction":17,"lastStatement":32,"seen":{"f:13:24:13:38":0,"s:14:10:14:Infinity":0,"s:15:14:15:Infinity":1,"s:16:17:16:Infinity":2,"s:18:8:29:Infinity":3,"f:18:17:18:31":1,"s:19:4:28:Infinity":4,"f:20:29:20:37":2,"s:20:43:20:71":5,"f:21:26:21:Infinity":3,"s:23:10:25:Infinity":6,"b:23:10:23:Infinity:24:10:24:Infinity:25:10:25:Infinity":0,"f:27:24:27:32":4,"s:27:38:27:68":7,"s:31:16:36:Infinity":8,"f:34:35:34:43":5,"s:34:52:34:80":9,"b:34:57:34:76:34:76:34:80":1,"f:35:20:35:28":6,"s:35:34:35:55":10,"s:38:8:56:Infinity":11,"f:38:18:38:32":7,"s:39:22:39:Infinity":12,"s:40:4:40:Infinity":13,"s:41:25:45:Infinity":14,"f:42:7:42:Infinity":8,"s:43:15:43:Infinity":15,"b:43:15:43:40:43:40:43:53:43:53:43:Infinity":2,"f:45:7:45:15":9,"s:45:24:45:54":16,"b:45:29:45:50:45:50:45:54":3,"s:47:47:47:Infinity":17,"s:48:4:50:Infinity":18,"f:48:12:48:21":10,"s:49:6:49:Infinity":19,"b:49:32:49:58:49:58:49:63":4,"s:52:17:52:Infinity":20,"f:52:25:52:33":11,"s:52:39:52:60":21,"s:53:19:53:Infinity":22,"f:53:27:53:35":12,"s:53:41:53:62":23,"s:55:4:55:Infinity":24,"s:58:2:177:Infinity":25,"b:71:7:71:Infinity:72:8:88:Infinity":5,"b:91:7:91:Infinity:92:8:99:Infinity":6,"b:102:7:102:Infinity:103:8:110:Infinity":7,"b:113:7:113:Infinity:114:8:143:Infinity":8,"f:128:50:128:55":13,"s:129:28:129:Infinity":26,"s:130:28:130:Infinity":27,"s:131:16:138:Infinity":28,"b:146:7:146:Infinity:147:8:173:Infinity":9,"f:160:28:160:33":14,"s:161:18:168:Infinity":29,"b:176:7:176:17:176:17:176:Infinity":10,"f:176:49:176:64":15,"s:176:64:176:82":30,"f:186:9:186:16":16,"s:187:2:191:Infinity":31,"b:190:7:190:19:190:19:191:Infinity":11},"fnNames":{}}}
,"/Users/shaswat/Documents/task/vendor/frontend/src/features/auth/LoginPage.scss": {"path":"/Users/shaswat/Documents/task/vendor/frontend/src/features/auth/LoginPage.scss","statementMap":{},"fnMap":{},"branchMap":{},"s":{},"f":{},"b":{},"meta":{"lastBranch":0,"lastFunction":0,"lastStatement":0,"seen":{},"fnNames":{}}}
,"/Users/shaswat/Documents/task/vendor/frontend/src/features/auth/LoginPage.tsx": {"path":"/Users/shaswat/Documents/task/vendor/frontend/src/features/auth/LoginPage.tsx","statementMap":{"0":{"start":{"line":12,"column":86},"end":{"line":16,"column":null}},"1":{"start":{"line":24,"column":8},"end":{"line":24,"column":null}},"2":{"start":{"line":25,"column":8},"end":{"line":25,"column":null}},"3":{"start":{"line":25,"column":36},"end":{"line":25,"column":43}},"4":{"start":{"line":26,"column":8},"end":{"line":26,"column":null}},"5":{"start":{"line":26,"column":48},"end":{"line":26,"column":67}},"6":{"start":{"line":31,"column":16},"end":{"line":31,"column":null}},"7":{"start":{"line":32,"column":19},"end":{"line":32,"column":null}},"8":{"start":{"line":33,"column":23},"end":{"line":33,"column":null}},"9":{"start":{"line":34,"column":14},"end":{"line":34,"column":null}},"10":{"start":{"line":35,"column":18},"end":{"line":35,"column":null}},"11":{"start":{"line":36,"column":15},"end":{"line":36,"column":null}},"12":{"start":{"line":37,"column":23},"end":{"line":37,"column":null}},"13":{"start":{"line":38,"column":23},"end":{"line":38,"column":null}},"14":{"start":{"line":43,"column":8},"end":{"line":111,"column":null}},"15":{"start":{"line":45,"column":6},"end":{"line":45,"column":null}},"16":{"start":{"line":46,"column":6},"end":{"line":46,"column":null}},"17":{"start":{"line":47,"column":6},"end":{"line":47,"column":null}},"18":{"start":{"line":47,"column":27},"end":{"line":47,"column":57}},"19":{"start":{"line":47,"column":57},"end":{"line":47,"column":65}},"20":{"start":{"line":48,"column":6},"end":{"line":48,"column":null}},"21":{"start":{"line":48,"column":30},"end":{"line":48,"column":63}},"22":{"start":{"line":48,"column":63},"end":{"line":48,"column":71}},"23":{"start":{"line":49,"column":6},"end":{"line":49,"column":null}},"24":{"start":{"line":51,"column":57},"end":{"line":51,"column":null}},"25":{"start":{"line":53,"column":6},"end":{"line":96,"column":null}},"26":{"start":{"line":55,"column":30},"end":{"line":55,"column":null}},"27":{"start":{"line":56,"column":8},"end":{"line":62,"column":null}},"28":{"start":{"line":57,"column":22},"end":{"line":57,"column":null}},"29":{"start":{"line":58,"column":10},"end":{"line":61,"column":null}},"30":{"start":{"line":59,"column":12},"end":{"line":59,"column":null}},"31":{"start":{"line":60,"column":12},"end":{"line":60,"column":null}},"32":{"start":{"line":64,"column":8},"end":{"line":95,"column":null}},"33":{"start":{"line":65,"column":26},"end":{"line":65,"column":null}},"34":{"start":{"line":66,"column":27},"end":{"line":70,"column":null}},"35":{"start":{"line":71,"column":25},"end":{"line":71,"column":null}},"36":{"start":{"line":72,"column":10},"end":{"line":76,"column":null}},"37":{"start":{"line":73,"column":12},"end":{"line":73,"column":null}},"38":{"start":{"line":74,"column":12},"end":{"line":74,"column":null}},"39":{"start":{"line":75,"column":12},"end":{"line":75,"column":null}},"40":{"start":{"line":77,"column":27},"end":{"line":77,"column":null}},"41":{"start":{"line":78,"column":10},"end":{"line":84,"column":null}},"42":{"start":{"line":79,"column":12},"end":{"line":79,"column":null}},"43":{"start":{"line":81,"column":12},"end":{"line":81,"column":null}},"44":{"start":{"line":82,"column":12},"end":{"line":82,"column":null}},"45":{"start":{"line":83,"column":12},"end":{"line":83,"column":null}},"46":{"start":{"line":87,"column":32},"end":{"line":87,"column":null}},"47":{"start":{"line":88,"column":10},"end":{"line":94,"column":null}},"48":{"start":{"line":89,"column":24},"end":{"line":89,"column":null}},"49":{"start":{"line":90,"column":12},"end":{"line":93,"column":null}},"50":{"start":{"line":91,"column":14},"end":{"line":91,"column":null}},"51":{"start":{"line":92,"column":14},"end":{"line":92,"column":null}},"52":{"start":{"line":99,"column":6},"end":{"line":103,"column":null}},"53":{"start":{"line":100,"column":8},"end":{"line":100,"column":null}},"54":{"start":{"line":101,"column":8},"end":{"line":101,"column":null}},"55":{"start":{"line":102,"column":8},"end":{"line":102,"column":null}},"56":{"start":{"line":105,"column":6},"end":{"line":105,"column":null}},"57":{"start":{"line":106,"column":6},"end":{"line":106,"column":null}},"58":{"start":{"line":107,"column":6},"end":{"line":107,"column":null}},"59":{"start":{"line":108,"column":6},"end":{"line":108,"column":null}},"60":{"start":{"line":116,"column":8},"end":{"line":122,"column":null}},"61":{"start":{"line":117,"column":4},"end":{"line":117,"column":null}},"62":{"start":{"line":117,"column":23},"end":{"line":117,"column":null}},"63":{"start":{"line":118,"column":4},"end":{"line":118,"column":null}},"64":{"start":{"line":119,"column":4},"end":{"line":119,"column":null}},"65":{"start":{"line":120,"column":4},"end":{"line":120,"column":null}},"66":{"start":{"line":121,"column":4},"end":{"line":121,"column":null}},"67":{"start":{"line":124,"column":8},"end":{"line":129,"column":null}},"68":{"start":{"line":125,"column":4},"end":{"line":125,"column":null}},"69":{"start":{"line":126,"column":4},"end":{"line":126,"column":null}},"70":{"start":{"line":127,"column":4},"end":{"line":127,"column":null}},"71":{"start":{"line":128,"column":4},"end":{"line":128,"column":null}},"72":{"start":{"line":134,"column":2},"end":{"line":255,"column":null}},"73":{"start":{"line":167,"column":37},"end":{"line":167,"column":null}},"74":{"start":{"line":183,"column":39},"end":{"line":183,"column":null}},"75":{"start":{"line":190,"column":37},"end":{"line":190,"column":null}},"76":{"start":{"line":190,"column":60},"end":{"line":190,"column":62}}},"fnMap":{"0":{"name":"LoginPage","decl":{"start":{"line":20,"column":24},"end":{"line":20,"column":36}},"loc":{"start":{"line":20,"column":36},"end":{"line":257,"column":null}},"line":20},"1":{"name":"(anonymous_1)","decl":{"start":{"line":25,"column":16},"end":{"line":25,"column":30}},"loc":{"start":{"line":25,"column":36},"end":{"line":25,"column":43}},"line":25},"2":{"name":"(anonymous_2)","decl":{"start":{"line":26,"column":28},"end":{"line":26,"column":42}},"loc":{"start":{"line":26,"column":48},"end":{"line":26,"column":67}},"line":26},"3":{"name":"(anonymous_3)","decl":{"start":{"line":44,"column":4},"end":{"line":44,"column":11}},"loc":{"start":{"line":44,"column":51},"end":{"line":109,"column":null}},"line":44},"4":{"name":"(anonymous_4)","decl":{"start":{"line":116,"column":36},"end":{"line":116,"column":48}},"loc":{"start":{"line":116,"column":48},"end":{"line":122,"column":5}},"line":116},"5":{"name":"(anonymous_5)","decl":{"start":{"line":124,"column":21},"end":{"line":124,"column":39}},"loc":{"start":{"line":124,"column":39},"end":{"line":129,"column":5}},"line":124},"6":{"name":"(anonymous_6)","decl":{"start":{"line":167,"column":20},"end":{"line":167,"column":31}},"loc":{"start":{"line":167,"column":37},"end":{"line":167,"column":null}},"line":167},"7":{"name":"(anonymous_7)","decl":{"start":{"line":183,"column":22},"end":{"line":183,"column":33}},"loc":{"start":{"line":183,"column":39},"end":{"line":183,"column":null}},"line":183},"8":{"name":"(anonymous_8)","decl":{"start":{"line":190,"column":22},"end":{"line":190,"column":37}},"loc":{"start":{"line":190,"column":37},"end":{"line":190,"column":null}},"line":190},"9":{"name":"(anonymous_9)","decl":{"start":{"line":190,"column":37},"end":{"line":190,"column":54}},"loc":{"start":{"line":190,"column":60},"end":{"line":190,"column":62}},"line":190}},"branchMap":{"0":{"loc":{"start":{"line":47,"column":6},"end":{"line":47,"column":null}},"type":"if","locations":[{"start":{"line":47,"column":6},"end":{"line":47,"column":null}},{"start":{},"end":{}}],"line":47},"1":{"loc":{"start":{"line":48,"column":6},"end":{"line":48,"column":null}},"type":"if","locations":[{"start":{"line":48,"column":6},"end":{"line":48,"column":null}},{"start":{},"end":{}}],"line":48},"2":{"loc":{"start":{"line":53,"column":6},"end":{"line":96,"column":null}},"type":"if","locations":[{"start":{"line":53,"column":6},"end":{"line":96,"column":null}},{"start":{"line":63,"column":13},"end":{"line":96,"column":null}}],"line":53},"3":{"loc":{"start":{"line":53,"column":10},"end":{"line":53,"column":75}},"type":"binary-expr","locations":[{"start":{"line":53,"column":10},"end":{"line":53,"column":44}},{"start":{"line":53,"column":44},"end":{"line":53,"column":75}}],"line":53},"4":{"loc":{"start":{"line":58,"column":10},"end":{"line":61,"column":null}},"type":"if","locations":[{"start":{"line":58,"column":10},"end":{"line":61,"column":null}},{"start":{},"end":{}}],"line":58},"5":{"loc":{"start":{"line":58,"column":14},"end":{"line":58,"column":34}},"type":"binary-expr","locations":[{"start":{"line":58,"column":14},"end":{"line":58,"column":24}},{"start":{"line":58,"column":24},"end":{"line":58,"column":34}}],"line":58},"6":{"loc":{"start":{"line":65,"column":26},"end":{"line":65,"column":null}},"type":"binary-expr","locations":[{"start":{"line":65,"column":26},"end":{"line":65,"column":58}},{"start":{"line":65,"column":58},"end":{"line":65,"column":null}}],"line":65},"7":{"loc":{"start":{"line":72,"column":10},"end":{"line":76,"column":null}},"type":"if","locations":[{"start":{"line":72,"column":10},"end":{"line":76,"column":null}},{"start":{},"end":{}}],"line":72},"8":{"loc":{"start":{"line":73,"column":19},"end":{"line":73,"column":52}},"type":"binary-expr","locations":[{"start":{"line":73,"column":19},"end":{"line":73,"column":37}},{"start":{"line":73,"column":37},"end":{"line":73,"column":52}}],"line":73},"9":{"loc":{"start":{"line":78,"column":10},"end":{"line":84,"column":null}},"type":"if","locations":[{"start":{"line":78,"column":10},"end":{"line":84,"column":null}},{"start":{"line":80,"column":17},"end":{"line":84,"column":null}}],"line":78},"10":{"loc":{"start":{"line":78,"column":14},"end":{"line":78,"column":41}},"type":"binary-expr","locations":[{"start":{"line":78,"column":14},"end":{"line":78,"column":26}},{"start":{"line":78,"column":26},"end":{"line":78,"column":41}}],"line":78},"11":{"loc":{"start":{"line":79,"column":73},"end":{"line":79,"column":109}},"type":"binary-expr","locations":[{"start":{"line":79,"column":73},"end":{"line":79,"column":94}},{"start":{"line":79,"column":94},"end":{"line":79,"column":109}}],"line":79},"12":{"loc":{"start":{"line":90,"column":12},"end":{"line":93,"column":null}},"type":"if","locations":[{"start":{"line":90,"column":12},"end":{"line":93,"column":null}},{"start":{},"end":{}}],"line":90},"13":{"loc":{"start":{"line":90,"column":16},"end":{"line":90,"column":36}},"type":"binary-expr","locations":[{"start":{"line":90,"column":16},"end":{"line":90,"column":26}},{"start":{"line":90,"column":26},"end":{"line":90,"column":36}}],"line":90},"14":{"loc":{"start":{"line":99,"column":6},"end":{"line":103,"column":null}},"type":"if","locations":[{"start":{"line":99,"column":6},"end":{"line":103,"column":null}},{"start":{},"end":{}}],"line":99},"15":{"loc":{"start":{"line":117,"column":4},"end":{"line":117,"column":null}},"type":"if","locations":[{"start":{"line":117,"column":4},"end":{"line":117,"column":null}},{"start":{},"end":{}}],"line":117},"16":{"loc":{"start":{"line":151,"column":11},"end":{"line":217,"column":20}},"type":"binary-expr","locations":[{"start":{"line":151,"column":11},"end":{"line":151,"column":null}},{"start":{"line":152,"column":12},"end":{"line":217,"column":20}}],"line":151},"17":{"loc":{"start":{"line":181,"column":28},"end":{"line":181,"column":null}},"type":"cond-expr","locations":[{"start":{"line":181,"column":43},"end":{"line":181,"column":52}},{"start":{"line":181,"column":52},"end":{"line":181,"column":null}}],"line":181},"18":{"loc":{"start":{"line":191,"column":34},"end":{"line":191,"column":null}},"type":"cond-expr","locations":[{"start":{"line":191,"column":49},"end":{"line":191,"column":67}},{"start":{"line":191,"column":67},"end":{"line":191,"column":null}}],"line":191},"19":{"loc":{"start":{"line":193,"column":23},"end":{"line":193,"column":null}},"type":"cond-expr","locations":[{"start":{"line":193,"column":38},"end":{"line":193,"column":62}},{"start":{"line":193,"column":61},"end":{"line":193,"column":null}}],"line":193},"20":{"loc":{"start":{"line":204,"column":17},"end":{"line":205,"column":null}},"type":"binary-expr","locations":[{"start":{"line":204,"column":17},"end":{"line":204,"column":null}},{"start":{"line":205,"column":18},"end":{"line":205,"column":null}}],"line":204},"21":{"loc":{"start":{"line":210,"column":19},"end":{"line":210,"column":null}},"type":"cond-expr","locations":[{"start":{"line":210,"column":29},"end":{"line":210,"column":45}},{"start":{"line":210,"column":45},"end":{"line":210,"column":null}}],"line":210},"22":{"loc":{"start":{"line":217,"column":11},"end":{"line":253,"column":null}},"type":"binary-expr","locations":[{"start":{"line":217,"column":11},"end":{"line":217,"column":33}},{"start":{"line":217,"column":33},"end":{"line":217,"column":null}},{"start":{"line":218,"column":12},"end":{"line":253,"column":null}}],"line":217},"23":{"loc":{"start":{"line":237,"column":17},"end":{"line":240,"column":null}},"type":"binary-expr","locations":[{"start":{"line":237,"column":17},"end":{"line":237,"column":null}},{"start":{"line":238,"column":18},"end":{"line":240,"column":null}}],"line":237}},"s":{"0":1,"1":2,"2":2,"3":7,"4":2,"5":7,"6":2,"7":2,"8":2,"9":2,"10":2,"11":2,"12":2,"13":2,"14":2,"15":0,"16":0,"17":0,"18":0,"19":0,"20":0,"21":0,"22":0,"23":0,"24":0,"25":0,"26":0,"27":0,"28":0,"29":0,"30":0,"31":0,"32":0,"33":0,"34":0,"35":0,"36":0,"37":0,"38":0,"39":0,"40":0,"41":0,"42":0,"43":0,"44":0,"45":0,"46":0,"47":0,"48":0,"49":0,"50":0,"51":0,"52":0,"53":0,"54":0,"55":0,"56":0,"57":0,"58":0,"59":0,"60":2,"61":0,"62":0,"63":0,"64":0,"65":0,"66":0,"67":2,"68":0,"69":0,"70":0,"71":0,"72":2,"73":0,"74":0,"75":0,"76":0},"f":{"0":2,"1":7,"2":7,"3":0,"4":0,"5":0,"6":0,"7":0,"8":0,"9":0},"b":{"0":[0,0],"1":[0,0],"2":[0,0],"3":[0,0],"4":[0,0],"5":[0,0],"6":[0,0],"7":[0,0],"8":[0,0],"9":[0,0],"10":[0,0],"11":[0,0],"12":[0,0],"13":[0,0],"14":[0,0],"15":[0,0],"16":[2,2],"17":[0,2],"18":[0,2],"19":[0,2],"20":[2,0],"21":[0,2],"22":[2,0,0],"23":[0,0]},"meta":{"lastBranch":24,"lastFunction":10,"lastStatement":77,"seen":{"s:12:86:16:Infinity":0,"f:20:24:20:36":0,"s:24:8:24:Infinity":1,"s:25:8:25:Infinity":2,"f:25:16:25:30":1,"s:25:36:25:43":3,"s:26:8:26:Infinity":4,"f:26:28:26:42":2,"s:26:48:26:67":5,"s:31:16:31:Infinity":6,"s:32:19:32:Infinity":7,"s:33:23:33:Infinity":8,"s:34:14:34:Infinity":9,"s:35:18:35:Infinity":10,"s:36:15:36:Infinity":11,"s:37:23:37:Infinity":12,"s:38:23:38:Infinity":13,"s:43:8:111:Infinity":14,"f:44:4:44:11":3,"s:45:6:45:Infinity":15,"s:46:6:46:Infinity":16,"b:47:6:47:Infinity:undefined:undefined:undefined:undefined":0,"s:47:6:47:Infinity":17,"s:47:27:47:57":18,"s:47:57:47:65":19,"b:48:6:48:Infinity:undefined:undefined:undefined:undefined":1,"s:48:6:48:Infinity":20,"s:48:30:48:63":21,"s:48:63:48:71":22,"s:49:6:49:Infinity":23,"s:51:57:51:Infinity":24,"b:53:6:96:Infinity:63:13:96:Infinity":2,"s:53:6:96:Infinity":25,"b:53:10:53:44:53:44:53:75":3,"s:55:30:55:Infinity":26,"s:56:8:62:Infinity":27,"s:57:22:57:Infinity":28,"b:58:10:61:Infinity:undefined:undefined:undefined:undefined":4,"s:58:10:61:Infinity":29,"b:58:14:58:24:58:24:58:34":5,"s:59:12:59:Infinity":30,"s:60:12:60:Infinity":31,"s:64:8:95:Infinity":32,"s:65:26:65:Infinity":33,"b:65:26:65:58:65:58:65:Infinity":6,"s:66:27:70:Infinity":34,"s:71:25:71:Infinity":35,"b:72:10:76:Infinity:undefined:undefined:undefined:undefined":7,"s:72:10:76:Infinity":36,"s:73:12:73:Infinity":37,"b:73:19:73:37:73:37:73:52":8,"s:74:12:74:Infinity":38,"s:75:12:75:Infinity":39,"s:77:27:77:Infinity":40,"b:78:10:84:Infinity:80:17:84:Infinity":9,"s:78:10:84:Infinity":41,"b:78:14:78:26:78:26:78:41":10,"s:79:12:79:Infinity":42,"b:79:73:79:94:79:94:79:109":11,"s:81:12:81:Infinity":43,"s:82:12:82:Infinity":44,"s:83:12:83:Infinity":45,"s:87:32:87:Infinity":46,"s:88:10:94:Infinity":47,"s:89:24:89:Infinity":48,"b:90:12:93:Infinity:undefined:undefined:undefined:undefined":12,"s:90:12:93:Infinity":49,"b:90:16:90:26:90:26:90:36":13,"s:91:14:91:Infinity":50,"s:92:14:92:Infinity":51,"b:99:6:103:Infinity:undefined:undefined:undefined:undefined":14,"s:99:6:103:Infinity":52,"s:100:8:100:Infinity":53,"s:101:8:101:Infinity":54,"s:102:8:102:Infinity":55,"s:105:6:105:Infinity":56,"s:106:6:106:Infinity":57,"s:107:6:107:Infinity":58,"s:108:6:108:Infinity":59,"s:116:8:122:Infinity":60,"f:116:36:116:48":4,"b:117:4:117:Infinity:undefined:undefined:undefined:undefined":15,"s:117:4:117:Infinity":61,"s:117:23:117:Infinity":62,"s:118:4:118:Infinity":63,"s:119:4:119:Infinity":64,"s:120:4:120:Infinity":65,"s:121:4:121:Infinity":66,"s:124:8:129:Infinity":67,"f:124:21:124:39":5,"s:125:4:125:Infinity":68,"s:126:4:126:Infinity":69,"s:127:4:127:Infinity":70,"s:128:4:128:Infinity":71,"s:134:2:255:Infinity":72,"b:151:11:151:Infinity:152:12:217:20":16,"f:167:20:167:31":6,"s:167:37:167:Infinity":73,"b:181:43:181:52:181:52:181:Infinity":17,"f:183:22:183:33":7,"s:183:39:183:Infinity":74,"f:190:22:190:37":8,"s:190:37:190:Infinity":75,"f:190:37:190:54":9,"s:190:60:190:62":76,"b:191:49:191:67:191:67:191:Infinity":18,"b:193:38:193:62:193:61:193:Infinity":19,"b:204:17:204:Infinity:205:18:205:Infinity":20,"b:210:29:210:45:210:45:210:Infinity":21,"b:217:11:217:33:217:33:217:Infinity:218:12:253:Infinity":22,"b:237:17:237:Infinity:238:18:240:Infinity":23},"fnNames":{}}}
,"/Users/shaswat/Documents/task/vendor/frontend/src/features/auth/RegisterPage.scss": {"path":"/Users/shaswat/Documents/task/vendor/frontend/src/features/auth/RegisterPage.scss","statementMap":{},"fnMap":{},"branchMap":{},"s":{},"f":{},"b":{},"meta":{"lastBranch":0,"lastFunction":0,"lastStatement":0,"seen":{},"fnNames":{}}}
,"/Users/shaswat/Documents/task/vendor/frontend/src/features/auth/RegisterPage.tsx": {"path":"/Users/shaswat/Documents/task/vendor/frontend/src/features/auth/RegisterPage.tsx","statementMap":{"0":{"start":{"line":7,"column":22},"end":{"line":7,"column":null}},"1":{"start":{"line":9,"column":67},"end":{"line":13,"column":null}},"2":{"start":{"line":15,"column":87},"end":{"line":19,"column":null}},"3":{"start":{"line":22,"column":17},"end":{"line":22,"column":null}},"4":{"start":{"line":23,"column":2},"end":{"line":35,"column":null}},"5":{"start":{"line":28,"column":8},"end":{"line":28,"column":null}},"6":{"start":{"line":29,"column":8},"end":{"line":29,"column":null}},"7":{"start":{"line":30,"column":8},"end":{"line":30,"column":null}},"8":{"start":{"line":30,"column":25},"end":{"line":30,"column":43}},"9":{"start":{"line":40,"column":8},"end":{"line":40,"column":null}},"10":{"start":{"line":42,"column":15},"end":{"line":42,"column":null}},"11":{"start":{"line":43,"column":16},"end":{"line":43,"column":null}},"12":{"start":{"line":44,"column":19},"end":{"line":44,"column":null}},"13":{"start":{"line":45,"column":18},"end":{"line":45,"column":null}},"14":{"start":{"line":46,"column":15},"end":{"line":46,"column":null}},"15":{"start":{"line":47,"column":19},"end":{"line":47,"column":null}},"16":{"start":{"line":48,"column":22},"end":{"line":48,"column":null}},"17":{"start":{"line":49,"column":14},"end":{"line":49,"column":null}},"18":{"start":{"line":50,"column":18},"end":{"line":50,"column":null}},"19":{"start":{"line":51,"column":15},"end":{"line":51,"column":null}},"20":{"start":{"line":53,"column":8},"end":{"line":108,"column":null}},"21":{"start":{"line":55,"column":6},"end":{"line":55,"column":null}},"22":{"start":{"line":56,"column":6},"end":{"line":56,"column":null}},"23":{"start":{"line":58,"column":6},"end":{"line":58,"column":null}},"24":{"start":{"line":58,"column":26},"end":{"line":58,"column":60}},"25":{"start":{"line":58,"column":60},"end":{"line":58,"column":68}},"26":{"start":{"line":59,"column":6},"end":{"line":59,"column":null}},"27":{"start":{"line":59,"column":27},"end":{"line":59,"column":57}},"28":{"start":{"line":59,"column":57},"end":{"line":59,"column":65}},"29":{"start":{"line":60,"column":6},"end":{"line":60,"column":null}},"30":{"start":{"line":60,"column":34},"end":{"line":60,"column":74}},"31":{"start":{"line":60,"column":74},"end":{"line":60,"column":82}},"32":{"start":{"line":61,"column":6},"end":{"line":61,"column":null}},"33":{"start":{"line":61,"column":33},"end":{"line":61,"column":79}},"34":{"start":{"line":61,"column":79},"end":{"line":61,"column":87}},"35":{"start":{"line":62,"column":6},"end":{"line":62,"column":null}},"36":{"start":{"line":62,"column":34},"end":{"line":62,"column":69}},"37":{"start":{"line":62,"column":69},"end":{"line":62,"column":77}},"38":{"start":{"line":64,"column":6},"end":{"line":64,"column":null}},"39":{"start":{"line":67,"column":6},"end":{"line":73,"column":null}},"40":{"start":{"line":68,"column":8},"end":{"line":71,"column":null}},"41":{"start":{"line":69,"column":10},"end":{"line":69,"column":null}},"42":{"start":{"line":70,"column":10},"end":{"line":70,"column":null}},"43":{"start":{"line":72,"column":8},"end":{"line":72,"column":null}},"44":{"start":{"line":75,"column":6},"end":{"line":104,"column":null}},"45":{"start":{"line":76,"column":24},"end":{"line":76,"column":null}},"46":{"start":{"line":78,"column":25},"end":{"line":88,"column":null}},"47":{"start":{"line":89,"column":21},"end":{"line":89,"column":null}},"48":{"start":{"line":90,"column":8},"end":{"line":94,"column":null}},"49":{"start":{"line":91,"column":10},"end":{"line":91,"column":null}},"50":{"start":{"line":92,"column":10},"end":{"line":92,"column":null}},"51":{"start":{"line":93,"column":10},"end":{"line":93,"column":null}},"52":{"start":{"line":95,"column":8},"end":{"line":95,"column":null}},"53":{"start":{"line":96,"column":8},"end":{"line":96,"column":null}},"54":{"start":{"line":97,"column":8},"end":{"line":97,"column":null}},"55":{"start":{"line":99,"column":8},"end":{"line":99,"column":null}},"56":{"start":{"line":100,"column":8},"end":{"line":103,"column":null}},"57":{"start":{"line":101,"column":10},"end":{"line":101,"column":null}},"58":{"start":{"line":102,"column":10},"end":{"line":102,"column":null}},"59":{"start":{"line":110,"column":2},"end":{"line":259,"column":null}},"60":{"start":{"line":136,"column":71},"end":{"line":136,"column":90}},"61":{"start":{"line":154,"column":110},"end":{"line":154,"column":135}},"62":{"start":{"line":159,"column":113},"end":{"line":159,"column":139}},"63":{"start":{"line":165,"column":167},"end":{"line":165,"column":196}},"64":{"start":{"line":166,"column":88},"end":{"line":166,"column":112}},"65":{"start":{"line":166,"column":107},"end":{"line":166,"column":109}},"66":{"start":{"line":180,"column":41},"end":{"line":180,"column":null}},"67":{"start":{"line":184,"column":88},"end":{"line":184,"column":115}},"68":{"start":{"line":184,"column":110},"end":{"line":184,"column":112}},"69":{"start":{"line":197,"column":41},"end":{"line":197,"column":null}},"70":{"start":{"line":198,"column":24},"end":{"line":207,"column":null}},"71":{"start":{"line":199,"column":157},"end":{"line":199,"column":null}},"72":{"start":{"line":226,"column":32},"end":{"line":226,"column":null}},"73":{"start":{"line":227,"column":20},"end":{"line":249,"column":null}},"74":{"start":{"line":245,"column":43},"end":{"line":245,"column":62}},"75":{"start":{"line":245,"column":62},"end":{"line":245,"column":83}},"76":{"start":{"line":245,"column":83},"end":{"line":245,"column":110}},"77":{"start":{"line":245,"column":110},"end":{"line":245,"column":136}},"78":{"start":{"line":245,"column":136},"end":{"line":245,"column":148}},"79":{"start":{"line":245,"column":148},"end":{"line":245,"column":160}}},"fnMap":{"0":{"name":"CopyBtn","decl":{"start":{"line":21,"column":9},"end":{"line":21,"column":17}},"loc":{"start":{"line":21,"column":45},"end":{"line":37,"column":null}},"line":21},"1":{"name":"(anonymous_1)","decl":{"start":{"line":27,"column":6},"end":{"line":27,"column":21}},"loc":{"start":{"line":27,"column":21},"end":{"line":31,"column":null}},"line":27},"2":{"name":"(anonymous_2)","decl":{"start":{"line":28,"column":44},"end":{"line":28,"column":56}},"loc":{"start":{"line":28,"column":56},"end":{"line":28,"column":59}},"line":28},"3":{"name":"(anonymous_3)","decl":{"start":{"line":30,"column":8},"end":{"line":30,"column":25}},"loc":{"start":{"line":30,"column":25},"end":{"line":30,"column":43}},"line":30},"4":{"name":"RegisterPage","decl":{"start":{"line":39,"column":24},"end":{"line":39,"column":39}},"loc":{"start":{"line":39,"column":39},"end":{"line":261,"column":null}},"line":39},"5":{"name":"(anonymous_5)","decl":{"start":{"line":54,"column":4},"end":{"line":54,"column":11}},"loc":{"start":{"line":54,"column":51},"end":{"line":106,"column":null}},"line":54},"6":{"name":"(anonymous_6)","decl":{"start":{"line":68,"column":8},"end":{"line":68,"column":25}},"loc":{"start":{"line":68,"column":25},"end":{"line":71,"column":11}},"line":68},"7":{"name":"(anonymous_7)","decl":{"start":{"line":100,"column":8},"end":{"line":100,"column":25}},"loc":{"start":{"line":100,"column":25},"end":{"line":103,"column":11}},"line":100},"8":{"name":"(anonymous_8)","decl":{"start":{"line":136,"column":56},"end":{"line":136,"column":71}},"loc":{"start":{"line":136,"column":71},"end":{"line":136,"column":90}},"line":136},"9":{"name":"(anonymous_9)","decl":{"start":{"line":154,"column":93},"end":{"line":154,"column":104}},"loc":{"start":{"line":154,"column":110},"end":{"line":154,"column":135}},"line":154},"10":{"name":"(anonymous_10)","decl":{"start":{"line":159,"column":96},"end":{"line":159,"column":107}},"loc":{"start":{"line":159,"column":113},"end":{"line":159,"column":139}},"line":159},"11":{"name":"(anonymous_11)","decl":{"start":{"line":165,"column":150},"end":{"line":165,"column":161}},"loc":{"start":{"line":165,"column":167},"end":{"line":165,"column":196}},"line":165},"12":{"name":"(anonymous_12)","decl":{"start":{"line":166,"column":73},"end":{"line":166,"column":88}},"loc":{"start":{"line":166,"column":88},"end":{"line":166,"column":112}},"line":166},"13":{"name":"(anonymous_13)","decl":{"start":{"line":166,"column":88},"end":{"line":166,"column":101}},"loc":{"start":{"line":166,"column":107},"end":{"line":166,"column":109}},"line":166},"14":{"name":"(anonymous_14)","decl":{"start":{"line":180,"column":24},"end":{"line":180,"column":35}},"loc":{"start":{"line":180,"column":41},"end":{"line":180,"column":null}},"line":180},"15":{"name":"(anonymous_15)","decl":{"start":{"line":184,"column":73},"end":{"line":184,"column":88}},"loc":{"start":{"line":184,"column":88},"end":{"line":184,"column":115}},"line":184},"16":{"name":"(anonymous_16)","decl":{"start":{"line":184,"column":88},"end":{"line":184,"column":104}},"loc":{"start":{"line":184,"column":110},"end":{"line":184,"column":112}},"line":184},"17":{"name":"(anonymous_17)","decl":{"start":{"line":196,"column":29},"end":{"line":196,"column":34}},"loc":{"start":{"line":196,"column":40},"end":{"line":209,"column":23}},"line":196},"18":{"name":"(anonymous_18)","decl":{"start":{"line":199,"column":142},"end":{"line":199,"column":157}},"loc":{"start":{"line":199,"column":157},"end":{"line":199,"column":null}},"line":199},"19":{"name":"(anonymous_19)","decl":{"start":{"line":225,"column":25},"end":{"line":225,"column":30}},"loc":{"start":{"line":225,"column":36},"end":{"line":251,"column":19}},"line":225},"20":{"name":"(anonymous_20)","decl":{"start":{"line":245,"column":26},"end":{"line":245,"column":41}},"loc":{"start":{"line":245,"column":41},"end":{"line":245,"column":null}},"line":245}},"branchMap":{"0":{"loc":{"start":{"line":34,"column":7},"end":{"line":34,"column":null}},"type":"cond-expr","locations":[{"start":{"line":34,"column":16},"end":{"
[...]
10},"b":{"0":[55,9],"1":[5,0],"2":[6,0],"3":[6,6],"4":[15,5,4],"5":[4,2],"6":[0,0],"7":[6,0],"8":[0,6],"9":[6,0],"10":[0,0],"11":[0,0],"12":[0,0],"13":[0,0,0],"14":[0,0],"15":[0,0],"16":[3,1],"17":[9,41],"18":[0,5],"19":[5,0]},"meta":{"lastBranch":20,"lastFunction":11,"lastStatement":43,"seen":{"s:7:28:7:Infinity":0,"s:9:6:10:Infinity":1,"f:9:6:9:21":0,"s:10:2:10:Infinity":2,"b:10:2:10:19:10:19:10:Infinity":0,"s:13:17:13:Infinity":3,"b:13:17:13:49:13:49:13:Infinity":1,"f:16:15:16:Infinity":1,"b:22:2:31:Infinity:undefined:undefined:undefined:undefined":2,"s:22:2:31:Infinity":4,"b:22:6:22:40:22:40:22:71":3,"s:23:18:25:Infinity":5,"f:23:29:23:Infinity":2,"s:24:13:24:Infinity":6,"b:24:13:24:34:24:34:24:61:24:61:24:Infinity":4,"b:26:4:29:Infinity:undefined:undefined:undefined:undefined":5,"s:26:4:29:Infinity":7,"s:27:39:27:Infinity":8,"s:28:6:28:Infinity":9,"s:30:4:30:Infinity":10,"s:33:2:72:Infinity":11,"s:34:21:34:Infinity":12,"s:35:21:35:Infinity":13,"b:35:21:35:44:35:44:35:Infinity":6,"s:38:10:38:Infinity":14,"b:38:25:38:43:38:43:38:47":7,"b:40:4:49:Infinity:undefined:undefined:undefined:undefined":8,"s:40:4:49:Infinity":15,"b:40:8:40:20:40:20:40:42":9,"s:41:29:47:Infinity":16,"b:46:20:46:43:46:43:46:Infinity":10,"s:48:6:48:Infinity":17,"s:51:4:54:Infinity":18,"b:53:13:53:39:53:39:53:Infinity":11,"b:57:4:66:Infinity:undefined:undefined:undefined:undefined":12,"s:57:4:66:Infinity":19,"s:58:20:60:Infinity":20,"f:58:31:58:Infinity":3,"s:59:15:59:Infinity":21,"b:59:15:59:36:59:36:59:63:59:63:59:Infinity":13,"b:61:6:64:Infinity:undefined:undefined:undefined:undefined":14,"s:61:6:64:Infinity":22,"s:62:41:62:Infinity":23,"s:63:8:63:Infinity":24,"s:65:6:65:Infinity":25,"s:68:4:71:Infinity":26,"b:70:13:70:41:70:41:70:Infinity":15,"s:75:13:106:Infinity":27,"f:76:2:76:Infinity":4,"s:77:14:93:Infinity":28,"f:81:6:81:23":5,"s:81:48:81:Infinity":29,"f:83:6:83:26":6,"s:84:8:84:Infinity":30,"f:86:13:86:20":7,"s:87:23:87:Infinity":31,"b:88:8:88:Infinity:undefined:undefined:undefined:undefined":16,"s:88:8:88:Infinity":32,"s:88:23:88:Infinity":33,"s:89:8:89:Infinity":34,"f:92:6:92:20":8,"s:92:20:92:Infinity":35,"f:96:6:96:19":9,"s:96:30:98:Infinity":36,"b:97:40:97:53:97:53:97:Infinity":17,"f:99:6:99:33":10,"s:99:6:103:Infinity":37,"b:100:8:100:Infinity:undefined:undefined:undefined:undefined":18,"s:100:8:100:Infinity":38,"s:100:20:100:Infinity":39,"b:101:8:101:Infinity:undefined:undefined:undefined:undefined":19,"s:101:8:101:Infinity":40,"s:101:38:101:Infinity":41,"s:102:8:102:Infinity":42},"fnNames":{}}}
,"/Users/shaswat/Documents/task/vendor/frontend/src/store/notificationStore.ts": {"path":"/Users/shaswat/Documents/task/vendor/frontend/src/store/notificationStore.ts","statementMap":{"0":{"start":{"line":5,"column":13},"end":{"line":50,"column":null}},"1":{"start":{"line":7,"column":19},"end":{"line":45,"column":null}},"2":{"start":{"line":11,"column":8},"end":{"line":21,"column":null}},"3":{"start":{"line":11,"column":20},"end":{"line":21,"column":10}},"4":{"start":{"line":24,"column":8},"end":{"line":28,"column":null}},"5":{"start":{"line":24,"column":20},"end":{"line":28,"column":10}},"6":{"start":{"line":26,"column":12},"end":{"line":26,"column":null}},"7":{"start":{"line":31,"column":8},"end":{"line":37,"column":null}},"8":{"start":{"line":31,"column":20},"end":{"line":37,"column":10}},"9":{"start":{"line":33,"column":12},"end":{"line":35,"column":null}},"10":{"start":{"line":40,"column":8},"end":{"line":44,"column":null}},"11":{"start":{"line":42,"column":12},"end":{"line":43,"column":null}}},"fnMap":{"0":{"name":"(anonymous_0)","decl":{"start":{"line":6,"column":2},"end":{"line":6,"column":null}},"loc":{"start":{"line":7,"column":19},"end":{"line":45,"column":null}},"line":7},"1":{"name":"(anonymous_1)","decl":{"start":{"line":10,"column":6},"end":{"line":10,"column":24}},"loc":{"start":{"line":11,"column":8},"end":{"line":21,"column":null}},"line":11},"2":{"name":"(anonymous_2)","decl":{"start":{"line":11,"column":8},"end":{"line":11,"column":13}},"loc":{"start":{"line":11,"column":20},"end":{"line":21,"column":10}},"line":11},"3":{"name":"(anonymous_3)","decl":{"start":{"line":23,"column":6},"end":{"line":23,"column":17}},"loc":{"start":{"line":24,"column":8},"end":{"line":28,"column":null}},"line":24},"4":{"name":"(anonymous_4)","decl":{"start":{"line":24,"column":8},"end":{"line":24,"column":13}},"loc":{"start":{"line":24,"column":20},"end":{"line":28,"column":10}},"line":24},"5":{"name":"(anonymous_5)","decl":{"start":{"line":25,"column":41},"end":{"line":25,"column":46}},"loc":{"start":{"line":26,"column":12},"end":{"line":26,"column":null}},"line":26},"6":{"name":"(anonymous_6)","decl":{"start":{"line":30,"column":6},"end":{"line":30,"column":20}},"loc":{"start":{"line":31,"column":8},"end":{"line":37,"column":null}},"line":31},"7":{"name":"(anonymous_7)","decl":{"start":{"line":31,"column":8},"end":{"line":31,"column":13}},"loc":{"start":{"line":31,"column":20},"end":{"line":37,"column":10}},"line":31},"8":{"name":"(anonymous_8)","decl":{"start":{"line":32,"column":41},"end":{"line":32,"column":46}},"loc":{"start":{"line":33,"column":12},"end":{"line":35,"column":null}},"line":33},"9":{"name":"(anonymous_9)","decl":{"start":{"line":39,"column":6},"end":{"line":39,"column":20}},"loc":{"start":{"line":40,"column":8},"end":{"line":44,"column":null}},"line":40},"10":{"name":"(anonymous_10)","decl":{"start":{"line":40,"column":28},"end":{"line":40,"column":null}},"loc":{"start":{"line":42,"column":12},"end":{"line":43,"column":null}},"line":42}},"branchMap":{"0":{"loc":{"start":{"line":26,"column":12},"end":{"line":26,"column":null}},"type":"cond-expr","locations":[{"start":{"line":26,"column":26},"end":{"line":26,"column":49}},{"start":{"line":26,"column":49},"end":{"line":26,"column":null}}],"line":26},"1":{"loc":{"start":{"line":33,"column":12},"end":{"line":35,"column":null}},"type":"cond-expr","locations":[{"start":{"line":34,"column":16},"end":{"line":34,"column":null}},{"start":{"line":35,"column":16},"end":{"line":35,"column":null}}],"line":33},"2":{"loc":{"start":{"line":33,"column":12},"end":{"line":33,"column":null}},"type":"binary-expr","locations":[{"start":{"line":33,"column":12},"end":{"line":33,"column":24}},{"start":{"line":33,"column":24},"end":{"line":33,"column":49}},{"start":{"line":33,"column":49},"end":{"line":33,"column":null}}],"line":33},"3":{"loc":{"start":{"line":42,"column":12},"end":{"line":43,"column":null}},"type":"binary-expr","locations":[{"start":{"line":42,"column":12},"end":{"line":42,"column":null}},{"start":{"line":43,"column":13},"end":{"line":43,"column":25}},{"start":{"line":43,"column":25},"end":{"line":43,"column":50}},{"start":{"line":43,"column":50},"end":{"line":43,"column":null}}],"line":42}},"s":{"0":2,"1":2,"2":0,"3":0,"4":0,"5":0,"6":0,"7":0,"8":0,"9":0,"10":0,"11":0},"f":{"0":2,"1":0,"2":0,"3":0,"4":0,"5":0,"6":0,"7":0,"8":0,"9":0,"10":0},"b":{"0":[0,0],"1":[0,0],"2":[0,0,0],"3":[0,0,0,0]},"meta":{"lastBranch":4,"lastFunction":11,"lastStatement":12,"seen":{"s:5:13:50:Infinity":0,"f:6:2:6:Infinity":0,"s:7:19:45:Infinity":1,"f:10:6:10:24":1,"s:11:8:21:Infinity":2,"f:11:8:11:13":2,"s:11:20:21:10":3,"f:23:6:23:17":3,"s:24:8:28:Infinity":4,"f:24:8:24:13":4,"s:24:20:28:10":5,"f:25:41:25:46":5,"s:26:12:26:Infinity":6,"b:26:26:26:49:26:49:26:Infinity":0,"f:30:6:30:20":6,"s:31:8:37:Infinity":7,"f:31:8:31:13":7,"s:31:20:37:10":8,"f:32:41:32:46":8,"s:33:12:35:Infinity":9,"b:34:16:34:Infinity:35:16:35:Infinity":1,"b:33:12:33:24:33:24:33:49:33:49:33:Infinity":2,"f:39:6:39:20":9,"s:40:8:44:Infinity":10,"f:40:28:40:Infinity":10,"s:42:12:43:Infinity":11,"b:42:12:42:Infinity:43:13:43:25:43:25:43:50:43:50:43:Infinity":3},"fnNames":{}}}
,"/Users/shaswat/Documents/task/vendor/frontend/src/store/ticketStore.ts": {"path":"/Users/shaswat/Documents/task/vendor/frontend/src/store/ticketStore.ts","statementMap":{"0":{"start":{"line":6,"column":6},"end":{"line":10,"column":null}},"1":{"start":{"line":7,"column":15},"end":{"line":7,"column":null}},"2":{"start":{"line":7,"column":34},"end":{"line":7,"column":77}},"3":{"start":{"line":8,"column":14},"end":{"line":8,"column":null}},"4":{"start":{"line":9,"column":2},"end":{"line":9,"column":null}},"5":{"start":{"line":12,"column":13},"end":{"line":135,"column":null}},"6":{"start":{"line":14,"column":19},"end":{"line":130,"column":null}},"7":{"start":{"line":18,"column":24},"end":{"line":18,"column":null}},"8":{"start":{"line":19,"column":19},"end":{"line":19,"column":null}},"9":{"start":{"line":20,"column":20},"end":{"line":20,"column":null}},"10":{"start":{"line":22,"column":31},"end":{"line":43,"column":null}},"11":{"start":{"line":45,"column":8},"end":{"line":45,"column":null}},"12":{"start":{"line":46,"column":8},"end":{"line":46,"column":null}},"13":{"start":{"line":51,"column":8},"end":{"line":64,"column":null}},"14":{"start":{"line":51,"column":20},"end":{"line":64,"column":10}},"15":{"start":{"line":53,"column":12},"end":{"line":53,"column":null}},"16":{"start":{"line":53,"column":29},"end":{"line":53,"column":null}},"17":{"start":{"line":54,"column":12},"end":{"line":62,"column":null}},"18":{"start":{"line":67,"column":8},"end":{"line":84,"column":null}},"19":{"start":{"line":67,"column":20},"end":{"line":84,"column":10}},"20":{"start":{"line":69,"column":12},"end":{"line":82,"column":null}},"21":{"start":{"line":87,"column":8},"end":{"line":91,"column":null}},"22":{"start":{"line":87,"column":20},"end":{"line":91,"column":10}},"23":{"start":{"line":89,"column":12},"end":{"line":89,"column":null}},"24":{"start":{"line":94,"column":35},"end":{"line":94,"column":null}},"25":{"start":{"line":95,"column":8},"end":{"line":124,"column":null}},"26":{"start":{"line":95,"column":20},"end":{"line":124,"column":10}},"27":{"start":{"line":97,"column":12},"end":{"line":97,"column":null}},"28":{"start":{"line":97,"column":29},"end":{"line":97,"column":null}},"29":{"start":{"line":99,"column":29},"end":{"line":99,"column":null}},"30":{"start":{"line":101,"column":12},"end":{"line":122,"column":null}},"31":{"start":{"line":127,"column":31},"end":{"line":127,"column":null}},"32":{"start":{"line":127,"column":57},"end":{"line":127,"column":68}},"33":{"start":{"line":129,"column":19},"end":{"line":129,"column":null}}},"fnMap":{"0":{"name":"(anonymous_0)","decl":{"start":{"line":6,"column":6},"end":{"line":6,"column":16}},"loc":{"start":{"line":6,"column":46},"end":{"line":10,"column":null}},"line":6},"1":{"name":"(anonymous_1)","decl":{"start":{"line":7,"column":23},"end":{"line":7,"column":28}},"loc":{"start":{"line":7,"column":34},"end":{"line":7,"column":77}},"line":7},"2":{"name":"(anonymous_2)","decl":{"start":{"line":13,"column":2},"end":{"line":13,"column":null}},"loc":{"start":{"line":14,"column":19},"end":{"line":130,"column":null}},"line":14},"3":{"name":"(anonymous_3)","decl":{"start":{"line":17,"column":6},"end":{"line":17,"column":18}},"loc":{"start":{"line":17,"column":43},"end":{"line":47,"column":null}},"line":17},"4":{"name":"(anonymous_4)","decl":{"start":{"line":50,"column":6},"end":{"line":50,"column":21}},"loc":{"start":{"line":51,"column":8},"end":{"line":64,"column":null}},"line":51},"5":{"name":"(anonymous_5)","decl":{"start":{"line":51,"column":8},"end":{"line":51,"column":13}},"loc":{"start":{"line":51,"column":20},"end":{"line":64,"column":10}},"line":51},"6":{"name":"(anonymous_6)","decl":{"start":{"line":52,"column":29},"end":{"line":52,"column":34}},"loc":{"start":{"line":52,"column":40},"end":{"line":63,"column":11}},"line":52},"7":{"name":"(anonymous_7)","decl":{"start":{"line":66,"column":6},"end":{"line":66,"column":19}},"loc":{"start":{"line":67,"column":8},"end":{"line":84,"column":null}},"line":67},"8":{"name":"(anonymous_8)","decl":{"start":{"line":67,"column":8},"end":{"line":67,"column":13}},"loc":{"start":{"line":67,"column":20},"end":{"line":84,"column":10}},"line":67},"9":{"name":"(anonymous_9)","decl":{"start":{"line":68,"column":29},"end":{"line":68,"column":34}},"loc":{"start":{"line":69,"column":12},"end":{"line":82,"column":null}},"line":69},"10":{"name":"(anonymous_10)","decl":{"start":{"line":86,"column":6},"end":{"line":86,"column":15}},"loc":{"start":{"line":87,"column":8},"end":{"line":91,"column":null}},"line":87},"11":{"name":"(anonymous_11)","decl":{"start":{"line":87,"column":8},"end":{"line":87,"column":13}},"loc":{"start":{"line":87,"column":20},"end":{"line":91,"column":10}},"line":87},"12":{"name":"(anonymous_12)","decl":{"start":{"line":88,"column":29},"end":{"line":88,"column":34}},"loc":{"start":{"line":89,"column":12},"end":{"line":89,"column":null}},"line":89},"13":{"name":"(anonymous_13)","decl":{"start":{"line":93,"column":6},"end":{"line":93,"column":18}},"loc":{"start":{"line":93,"column":60},"end":{"line":125,"column":null}},"line":93},"14":{"name":"(anonymous_14)","decl":{"start":{"line":95,"column":8},"end":{"line":95,"column":13}},"loc":{"start":{"line":95,"column":20},"end":{"line":124,"column":10}},"line":95},"15":{"name":"(anonymous_15)","decl":{"start":{"line":96,"column":29},"end":{"line":96,"column":34}},"loc":{"start":{"line":96,"column":40},"end":{"line":123,"column":11}},"line":96},"16":{"name":"(anonymous_16)","decl":{"start":{"line":127,"column":6},"end":{"line":127,"column":16}},"loc":{"start":{"line":127,"column":31},"end":{"line":127,"column":null}},"line":127},"17":{"name":"(anonymous_17)","decl":{"start":{"line":127,"column":45},"end":{"line":127,"column":51}},"loc":{"start":{"line":127,"column":57},"end":{"line":127,"column":68}},"line":127},"18":{"name":"(anonymous_18)","decl":{"start":{"line":129,"column":6},"end":{"line":129,"column":19}},"loc":{"start":{"line":129,"column":19},"end":{"line":129,"column":null}},"line":129}},"branchMap":{"0":{"loc":{"start":{"line":7,"column":34},"end":{"line":7,"column":77}},"type":"binary-expr","locations":[{"start":{"line":7,"column":34},"end":{"line":7,"column":76}},{"start":{"line":7,"column":76},"end":{"line":7,"column":77}}],"line":7},"1":{"loc":{"start":{"line":8,"column":14},"end":{"line":8,"column":null}},"type":"cond-expr","locations":[{"start":{"line":8,"column":28},"end":{"line":8,"column":48}},{"start":{"line":8,"column":48},"end":{"line":8,"column":null}}],"line":8},"2":{"loc":{"start":{"line":53,"column":12},"end":{"line":53,"column":null}},"type":"if","locations":[{"start":{"line":53,"column":12},"end":{"line":53,"column":null}},{"start":{},"end":{}}],"line":53},"3":{"loc":{"start":{"line":59,"column":20},"end":{"line":59,"column":null}},"type":"binary-expr","locations":[{"start":{"line":59,"column":20},"end":{"line":59,"column":40}},{"start":{"line":59,"column":40},"end":{"line":59,"column":null}}],"line":59},"4":{"loc":{"start":{"line":69,"column":12},"end":{"line":82,"column":null}},"type":"cond-expr","locations":[{"start":{"line":70,"column":16},"end":{"line":81,"column":null}},{"start":{"line":82,"column":16},"end":{"line":82,"column":null}}],"line":69},"5":{"loc":{"start":{"line":89,"column":12},"end":{"line":89,"column":null}},"type":"cond-expr","locations":[{"start":{"line":89,"column":26},"end":{"line":89,"column":61}},{"start":{"line":89,"column":61},"end":{"line":89,"column":null}}],"line":89},"6":{"loc":{"start":{"line":93,"column":46},"end":{"line":93,"column":60}},"type":"default-arg","locations":[{"start":{"line":93,"column":53},"end":{"line":93,"column":60}}],"line":93},"7":{"loc":{"start":{"line":97,"column":12},"end":{"line":97,"column":null}},"type":"if","locations":[{"start":{"line":97,"column":12},"end":{"line":97,"column":null}},{"start":{},"end":{}}],"line":97},"8":{"loc":{"start":{"line":99,"column":29},"end":{"line":99,"column":null}},"type":"binary-expr","locations":[{"start":{"line":99,"column":29},"end":{"line":99,"column":38}},{"start":{"line":99,"column":38},"end":{"line":99,"column":null}}],"line":99},"9":{"loc":{"start":{"line":110,"column":20},"end":{"line":110,"column":null}},"type":"binary-expr","locations":[{"start":{"line":110,"column":20},"end":{"line":110,"column":43}},{"start":{"line":110,"column":43},"end":{"line":110,"column":null}}],"line":110},"10":{"loc":{"start":{"line":112,"column":24},"end":{"line":121,"column":null}},"type":"cond-expr","locations":[{"start":{"line":113,"column":18},"end":{"line":120,"column":null}},{"start":{"line":121,"column":18},"end":{"line":121,"column":null}}],"line":112}},"s":{"0":3,"1":2,"2":16,"3":2,"4":2,"5":3,"6":3,"7":2,"8":2,"9":2,"10":2,"11":2,"12":2,"13":1,"14":1,"15":8,"16":7,"17":1,"18":1,"19":1,"20":8,"21":0,"22":0,"23":0,"24":1,"25":1,"26":1,"27":8,"28":7,"29":1,"30":8,"31":4,"32":4,"33":16},"f":{"0":2,"1":16,"2":3,"3":2,"4":1,"5":1,"6":8,"7":1,"8":1,"9":8,"10":0,"11":0,"12":0,"13":1,"14":1,"15":8,"16":4,"17":4,"18":16},"b":{"0":[16,0],"1":[2,0],"2":[7,1],"3":[1,0],"4":[1,7],"5":[0,0],"6":[1],"7":[7,1],"8":[1,1],"9":[8,1],"10":[1,0]},"meta":{"lastBranch":11,"lastFunction":19,"lastStatement":34,"seen":{"s:6:6:10:Infinity":0,"f:6:6:6:16":0,"s:7:15:7:Infinity":1,"f:7:23:7:28":1,"s:7:34:7:77":2,"b:7:34:7:76:7:76:7:77":0,"s:8:14:8:Infinity":3,"b:8:28:8:48:8:48:8:Infinity":1,"s:9:2:9:Infinity":4,"s:12:13:135:Infinity":5,"f:13:2:13:Infinity":2,"s:14:19:130:Infinity":6,"f:17:6:17:18":3,"s:18:24:18:Infinity":7,"s:19:19:19:Infinity":8,"s:20:20:20:Infinity":9,"s:22:31:43:Infinity":10,"s:45:8:45:Infinity":11,"s:46:8:46:Infinity":12,"f:50:6:50:21":4,"s:51:8:64:Infinity":13,"f:51:8:51:13":5,"s:51:20:64:10":14,"f:52:29:52:34":6,"b:53:12:53:Infinity:undefined:undefined:undefined:undefined":2,"s:53:12:53:Infinity":15,"s:53:29:53:Infinity":16,"s:54:12:62:Infinity":17,"b:59:20:59:40:59:40:59:Infinity":3,"f:66:6:66:19":7,"s:67:8:84:Infinity":18,"f:67:8:67:13":8,"s:67:20:84:10":19,"f:68:29:68:34":9,"s:69:12:82:Infinity":20,"b:70:16:81:Infinity:82:16:82:Infinity":4,"f:86:6:86:15":10,"s:87:8:91:Infinity":21,"f:87:8:87:13":11,"s:87:20:91:10":22,"f:88:29:88:34":12,"s:89:12:89:Infinity":23,"b:89:26:89:61:89:61:89:Infinity":5,"f:93:6:93:18":13,"b:93:53:93:60":6,"s:94:35:94:Infinity":24,"s:95:8:124:Infinity":25,"f:95:8:95:13":14,"s:95:20:124:10":26,"f:96:29:96:34":15,"b:97:12:97:Infinity:undefined:undefined:undefined:undefined":7,"s:97:12:97:Infinity":27,"s:97:29:97:Infinity":28,"s:99:29:99:Infinity":29,"b:99:29:99:38:99:38:99:Infinity":8,"s:101:12:122:Infinity":30,"b:110:20:110:43:110:43:110:Infinity":9,"b:113:18:120:Infinity:121:18:121:Infinity":10,"f:127:6:127:16":16,"s:127:31:127:Infinity":31,"f:127:45:127:51":17,"s:127:57:127:68":32,"f:129:6:129:19":18,"s:129:19:129:Infinity":33},"fnNames":{}}}
,"/Users/shaswat/Documents/task/vendor/frontend/src/utils/dateFormatter.ts": {"path":"/Users/shaswat/Documents/task/vendor/frontend/src/utils/dateFormatter.ts","statementMap":{"0":{"start":{"line":3,"column":13},"end":{"line":5,"column":null}},"1":{"start":{"line":4,"column":2},"end":{"line":4,"column":null}},"2":{"start":{"line":7,"column":13},"end":{"line":13,"column":null}},"3":{"start":{"line":8,"column":2},"end":{"line":12,"column":null}},"4":{"start":{"line":15,"column":13},"end":{"line":17,"column":null}},"5":{"start":{"line":16,"column":2},"end":{"line":16,"column":null}}},"fnMap":{"0":{"name":"(anonymous_0)","decl":{"start":{"line":3,"column":13},"end":{"line":3,"column":24}},"loc":{"start":{"line":3,"column":56},"end":{"line":5,"column":null}},"line":3},"1":{"name":"(anonymous_1)","decl":{"start":{"line":7,"column":13},"end":{"line":7,"column":25}},"loc":{"start":{"line":7,"column":52},"end":{"line":13,"column":null}},"line":7},"2":{"name":"(anonymous_2)","decl":{"start":{"line":15,"column":13},"end":{"line":15,"column":23}},"loc":{"start":{"line":15,"column":55},"end":{"line":17,"column":null}},"line":15}},"branchMap":{},"s":{"0":3,"1":3,"2":3,"3":5,"4":3,"5":3},"f":{"0":3,"1":5,"2":3},"b":{},"meta":{"lastBranch":0,"lastFunction":3,"lastStatement":6,"seen":{"s:3:13:5:Infinity":0,"f:3:13:3:24":0,"s:4:2:4:Infinity":1,"s:7:13:13:Infinity":2,"f:7:13:7:25":1,"s:8:2:12:Infinity":3,"s:15:13:17:Infinity":4,"f:15:13:15:23":2,"s:16:2:16:Infinity":5},"fnNames":{}}}
}
